{"/home/user/FundooNote/server/server.js":{"path":"/home/user/FundooNote/server/server.js","statementMap":{"0":{"start":{"line":9,"column":16},"end":{"line":9,"column":34}},"1":{"start":{"line":12,"column":19},"end":{"line":12,"column":41}},"2":{"start":{"line":14,"column":13},"end":{"line":14,"column":46}},"3":{"start":{"line":15,"column":11},"end":{"line":15,"column":49}},"4":{"start":{"line":18,"column":17},"end":{"line":18,"column":36}},"5":{"start":{"line":21,"column":0},"end":{"line":21,"column":26}},"6":{"start":{"line":22,"column":12},"end":{"line":22,"column":21}},"7":{"start":{"line":23,"column":0},"end":{"line":23,"column":34}},"8":{"start":{"line":24,"column":15},"end":{"line":24,"column":75}},"9":{"start":{"line":25,"column":19},"end":{"line":25,"column":82}},"10":{"start":{"line":27,"column":0},"end":{"line":27,"column":26}},"11":{"start":{"line":28,"column":0},"end":{"line":28,"column":24}},"12":{"start":{"line":31,"column":0},"end":{"line":31,"column":34}},"13":{"start":{"line":32,"column":0},"end":{"line":32,"column":50}},"14":{"start":{"line":37,"column":0},"end":{"line":37,"column":27}},"15":{"start":{"line":40,"column":23},"end":{"line":40,"column":51}},"16":{"start":{"line":41,"column":0},"end":{"line":41,"column":28}},"17":{"start":{"line":42,"column":0},"end":{"line":42,"column":20}},"18":{"start":{"line":45,"column":13},"end":{"line":47,"column":2}},"19":{"start":{"line":46,"column":4},"end":{"line":46,"column":52}},"20":{"start":{"line":48,"column":0},"end":{"line":48,"column":21}}},"fnMap":{"0":{"name":"(anonymous_0)","decl":{"start":{"line":45,"column":30},"end":{"line":45,"column":31}},"loc":{"start":{"line":45,"column":36},"end":{"line":47,"column":1}},"line":45}},"branchMap":{},"s":{"0":1,"1":1,"2":1,"3":1,"4":1,"5":1,"6":1,"7":1,"8":1,"9":1,"10":1,"11":1,"12":1,"13":1,"14":1,"15":1,"16":1,"17":1,"18":1,"19":1,"20":1},"f":{"0":1},"b":{},"_coverageSchema":"43e27e138ebf9cfc5966b082cf9a028302ed4184","hash":"f23911f658e12c9b6c1bb5311e1144b1669dfe8b","contentHash":"f213db37d2cd3e397a56a9cab183cfa50a589de061696fc11394cba61907e2c7"},"/home/user/FundooNote/server/router/route.js":{"path":"/home/user/FundooNote/server/router/route.js","statementMap":{"0":{"start":{"line":10,"column":14},"end":{"line":10,"column":32}},"1":{"start":{"line":11,"column":15},"end":{"line":11,"column":54}},"2":{"start":{"line":12,"column":19},"end":{"line":12,"column":62}},"3":{"start":{"line":13,"column":16},"end":{"line":13,"column":45}},"4":{"start":{"line":14,"column":13},"end":{"line":14,"column":29}},"5":{"start":{"line":15,"column":13},"end":{"line":15,"column":53}},"6":{"start":{"line":16,"column":13},"end":{"line":16,"column":51}},"7":{"start":{"line":17,"column":12},"end":{"line":17,"column":51}},"8":{"start":{"line":18,"column":15},"end":{"line":18,"column":54}},"9":{"start":{"line":19,"column":14},"end":{"line":19,"column":54}},"10":{"start":{"line":20,"column":0},"end":{"line":20,"column":22}},"11":{"start":{"line":23,"column":0},"end":{"line":23,"column":38}},"12":{"start":{"line":26,"column":0},"end":{"line":26,"column":44}},"13":{"start":{"line":31,"column":0},"end":{"line":31,"column":67}},"14":{"start":{"line":34,"column":0},"end":{"line":34,"column":48}},"15":{"start":{"line":37,"column":0},"end":{"line":37,"column":65}},"16":{"start":{"line":40,"column":23},"end":{"line":40,"column":50}},"17":{"start":{"line":41,"column":0},"end":{"line":41,"column":46}},"18":{"start":{"line":46,"column":0},"end":{"line":46,"column":46}},"19":{"start":{"line":49,"column":0},"end":{"line":49,"column":44}},"20":{"start":{"line":52,"column":0},"end":{"line":52,"column":74}},"21":{"start":{"line":55,"column":0},"end":{"line":55,"column":70}},"22":{"start":{"line":58,"column":0},"end":{"line":58,"column":68}},"23":{"start":{"line":61,"column":0},"end":{"line":61,"column":74}},"24":{"start":{"line":64,"column":0},"end":{"line":64,"column":74}},"25":{"start":{"line":67,"column":0},"end":{"line":67,"column":70}},"26":{"start":{"line":72,"column":0},"end":{"line":72,"column":73}},"27":{"start":{"line":75,"column":0},"end":{"line":75,"column":67}},"28":{"start":{"line":78,"column":0},"end":{"line":78,"column":73}},"29":{"start":{"line":81,"column":0},"end":{"line":81,"column":73}},"30":{"start":{"line":84,"column":0},"end":{"line":84,"column":79}},"31":{"start":{"line":87,"column":0},"end":{"line":87,"column":89}},"32":{"start":{"line":90,"column":0},"end":{"line":90,"column":80}},"33":{"start":{"line":93,"column":0},"end":{"line":93,"column":86}},"34":{"start":{"line":102,"column":0},"end":{"line":102,"column":24}}},"fnMap":{},"branchMap":{},"s":{"0":1,"1":1,"2":1,"3":1,"4":1,"5":1,"6":1,"7":1,"8":1,"9":1,"10":1,"11":1,"12":1,"13":1,"14":1,"15":1,"16":1,"17":1,"18":1,"19":1,"20":1,"21":1,"22":1,"23":1,"24":1,"25":1,"26":1,"27":1,"28":1,"29":1,"30":1,"31":1,"32":1,"33":1,"34":1},"f":{},"b":{},"_coverageSchema":"43e27e138ebf9cfc5966b082cf9a028302ed4184","hash":"0d84e1edeb51b08771b900725cd9b34d7d35a302","contentHash":"74fc212841a05ca9d7207818e71aeebf691c7420095d85f5108cec3ea9d4b7b8"},"/home/user/FundooNote/server/controller/userController.js":{"path":"/home/user/FundooNote/server/controller/userController.js","statementMap":{"0":{"start":{"line":10,"column":18},"end":{"line":10,"column":51}},"1":{"start":{"line":11,"column":18},"end":{"line":11,"column":48}},"2":{"start":{"line":12,"column":10},"end":{"line":12,"column":33}},"3":{"start":{"line":13,"column":18},"end":{"line":13,"column":48}},"4":{"start":{"line":14,"column":12},"end":{"line":14,"column":28}},"5":{"start":{"line":15,"column":13},"end":{"line":15,"column":33}},"6":{"start":{"line":17,"column":0},"end":{"line":102,"column":1}},"7":{"start":{"line":18,"column":2},"end":{"line":101,"column":3}},"8":{"start":{"line":20,"column":19},"end":{"line":20,"column":21}},"9":{"start":{"line":22,"column":23},"end":{"line":26,"column":5}},"10":{"start":{"line":28,"column":4},"end":{"line":28,"column":68}},"11":{"start":{"line":30,"column":4},"end":{"line":30,"column":59}},"12":{"start":{"line":32,"column":4},"end":{"line":32,"column":76}},"13":{"start":{"line":34,"column":4},"end":{"line":92,"column":6}},"14":{"start":{"line":36,"column":6},"end":{"line":90,"column":7}},"15":{"start":{"line":38,"column":8},"end":{"line":38,"column":33}},"16":{"start":{"line":40,"column":8},"end":{"line":40,"column":27}},"17":{"start":{"line":42,"column":8},"end":{"line":42,"column":39}},"18":{"start":{"line":46,"column":8},"end":{"line":46,"column":32}},"19":{"start":{"line":48,"column":8},"end":{"line":48,"column":33}},"20":{"start":{"line":50,"column":8},"end":{"line":50,"column":52}},"21":{"start":{"line":51,"column":8},"end":{"line":51,"column":41}},"22":{"start":{"line":52,"column":8},"end":{"line":52,"column":38}},"23":{"start":{"line":54,"column":24},"end":{"line":57,"column":9}},"24":{"start":{"line":58,"column":8},"end":{"line":58,"column":46}},"25":{"start":{"line":59,"column":8},"end":{"line":59,"column":39}},"26":{"start":{"line":64,"column":23},"end":{"line":64,"column":60}},"27":{"start":{"line":65,"column":8},"end":{"line":65,"column":35}},"28":{"start":{"line":67,"column":20},"end":{"line":67,"column":50}},"29":{"start":{"line":68,"column":8},"end":{"line":68,"column":39}},"30":{"start":{"line":71,"column":8},"end":{"line":80,"column":10}},"31":{"start":{"line":72,"column":10},"end":{"line":79,"column":11}},"32":{"start":{"line":74,"column":12},"end":{"line":74,"column":60}},"33":{"start":{"line":78,"column":12},"end":{"line":78,"column":50}},"34":{"start":{"line":86,"column":8},"end":{"line":86,"column":46}},"35":{"start":{"line":87,"column":8},"end":{"line":87,"column":26}},"36":{"start":{"line":89,"column":8},"end":{"line":89,"column":39}},"37":{"start":{"line":99,"column":4},"end":{"line":99,"column":41}},"38":{"start":{"line":106,"column":0},"end":{"line":187,"column":1}},"39":{"start":{"line":107,"column":2},"end":{"line":185,"column":3}},"40":{"start":{"line":109,"column":18},"end":{"line":112,"column":5}},"41":{"start":{"line":113,"column":17},"end":{"line":113,"column":19}},"42":{"start":{"line":114,"column":4},"end":{"line":175,"column":6}},"43":{"start":{"line":117,"column":6},"end":{"line":174,"column":7}},"44":{"start":{"line":118,"column":8},"end":{"line":118,"column":24}},"45":{"start":{"line":119,"column":8},"end":{"line":119,"column":31}},"46":{"start":{"line":123,"column":8},"end":{"line":123,"column":31}},"47":{"start":{"line":124,"column":8},"end":{"line":124,"column":32}},"48":{"start":{"line":125,"column":8},"end":{"line":125,"column":25}},"49":{"start":{"line":126,"column":8},"end":{"line":126,"column":39}},"50":{"start":{"line":129,"column":8},"end":{"line":129,"column":30}},"51":{"start":{"line":130,"column":8},"end":{"line":130,"column":37}},"52":{"start":{"line":131,"column":8},"end":{"line":131,"column":51}},"53":{"start":{"line":133,"column":24},"end":{"line":136,"column":9}},"54":{"start":{"line":137,"column":8},"end":{"line":137,"column":46}},"55":{"start":{"line":138,"column":8},"end":{"line":138,"column":39}},"56":{"start":{"line":143,"column":23},"end":{"line":143,"column":60}},"57":{"start":{"line":144,"column":8},"end":{"line":144,"column":35}},"58":{"start":{"line":146,"column":26},"end":{"line":146,"column":38}},"59":{"start":{"line":147,"column":7},"end":{"line":147,"column":52}},"60":{"start":{"line":150,"column":8},"end":{"line":160,"column":10}},"61":{"start":{"line":151,"column":10},"end":{"line":158,"column":11}},"62":{"start":{"line":153,"column":12},"end":{"line":153,"column":60}},"63":{"start":{"line":157,"column":12},"end":{"line":157,"column":53}},"64":{"start":{"line":161,"column":21},"end":{"line":163,"column":9}},"65":{"start":{"line":164,"column":9},"end":{"line":164,"column":32}},"66":{"start":{"line":167,"column":8},"end":{"line":167,"column":39}},"67":{"start":{"line":183,"column":4},"end":{"line":183,"column":27}},"68":{"start":{"line":184,"column":4},"end":{"line":184,"column":18}},"69":{"start":{"line":192,"column":0},"end":{"line":252,"column":1}},"70":{"start":{"line":194,"column":2},"end":{"line":251,"column":3}},"71":{"start":{"line":195,"column":4},"end":{"line":195,"column":59}},"72":{"start":{"line":197,"column":19},"end":{"line":199,"column":5}},"73":{"start":{"line":200,"column":4},"end":{"line":243,"column":6}},"74":{"start":{"line":202,"column":22},"end":{"line":202,"column":24}},"75":{"start":{"line":203,"column":6},"end":{"line":203,"column":33}},"76":{"start":{"line":204,"column":6},"end":{"line":242,"column":5}},"77":{"start":{"line":206,"column":8},"end":{"line":206,"column":33}},"78":{"start":{"line":207,"column":8},"end":{"line":207,"column":32}},"79":{"start":{"line":209,"column":8},"end":{"line":209,"column":27}},"80":{"start":{"line":211,"column":8},"end":{"line":211,"column":39}},"81":{"start":{"line":216,"column":8},"end":{"line":216,"column":32}},"82":{"start":{"line":217,"column":8},"end":{"line":217,"column":47}},"83":{"start":{"line":219,"column":8},"end":{"line":219,"column":31}},"84":{"start":{"line":220,"column":8},"end":{"line":220,"column":55}},"85":{"start":{"line":221,"column":24},"end":{"line":223,"column":9}},"86":{"start":{"line":224,"column":8},"end":{"line":224,"column":49}},"87":{"start":{"line":225,"column":8},"end":{"line":225,"column":39}},"88":{"start":{"line":228,"column":23},"end":{"line":228,"column":60}},"89":{"start":{"line":229,"column":8},"end":{"line":229,"column":35}},"90":{"start":{"line":231,"column":20},"end":{"line":231,"column":56}},"91":{"start":{"line":232,"column":8},"end":{"line":232,"column":31}},"92":{"start":{"line":235,"column":8},"end":{"line":235,"column":46}},"93":{"start":{"line":238,"column":8},"end":{"line":241,"column":8}},"94":{"start":{"line":249,"column":4},"end":{"line":249,"column":50}},"95":{"start":{"line":250,"column":4},"end":{"line":250,"column":18}},"96":{"start":{"line":255,"column":0},"end":{"line":295,"column":1}},"97":{"start":{"line":256,"column":2},"end":{"line":294,"column":3}},"98":{"start":{"line":257,"column":4},"end":{"line":257,"column":62}},"99":{"start":{"line":258,"column":18},"end":{"line":261,"column":5}},"100":{"start":{"line":262,"column":25},"end":{"line":262,"column":27}},"101":{"start":{"line":264,"column":4},"end":{"line":264,"column":76}},"102":{"start":{"line":266,"column":4},"end":{"line":266,"column":30}},"103":{"start":{"line":267,"column":4},"end":{"line":288,"column":6}},"104":{"start":{"line":268,"column":6},"end":{"line":287,"column":7}},"105":{"start":{"line":270,"column":8},"end":{"line":270,"column":37}},"106":{"start":{"line":271,"column":8},"end":{"line":271,"column":39}},"107":{"start":{"line":272,"column":8},"end":{"line":272,"column":38}},"108":{"start":{"line":274,"column":8},"end":{"line":274,"column":35}},"109":{"start":{"line":276,"column":8},"end":{"line":276,"column":44}},"110":{"start":{"line":280,"column":8},"end":{"line":280,"column":48}},"111":{"start":{"line":281,"column":8},"end":{"line":281,"column":38}},"112":{"start":{"line":282,"column":8},"end":{"line":282,"column":52}},"113":{"start":{"line":284,"column":8},"end":{"line":284,"column":37}},"114":{"start":{"line":286,"column":8},"end":{"line":286,"column":45}},"115":{"start":{"line":293,"column":4},"end":{"line":293,"column":18}},"116":{"start":{"line":296,"column":0},"end":{"line":331,"column":1}},"117":{"start":{"line":297,"column":2},"end":{"line":330,"column":3}},"118":{"start":{"line":298,"column":4},"end":{"line":298,"column":42}},"119":{"start":{"line":299,"column":21},"end":{"line":302,"column":5}},"120":{"start":{"line":303,"column":25},"end":{"line":303,"column":27}},"121":{"start":{"line":304,"column":4},"end":{"line":322,"column":6}},"122":{"start":{"line":305,"column":6},"end":{"line":321,"column":7}},"123":{"start":{"line":307,"column":8},"end":{"line":308,"column":38}},"124":{"start":{"line":311,"column":10},"end":{"line":311,"column":35}},"125":{"start":{"line":315,"column":8},"end":{"line":316,"column":46}},"126":{"start":{"line":317,"column":10},"end":{"line":320,"column":46}},"127":{"start":{"line":328,"column":4},"end":{"line":328,"column":55}},"128":{"start":{"line":329,"column":4},"end":{"line":329,"column":20}},"129":{"start":{"line":334,"column":0},"end":{"line":356,"column":1}},"130":{"start":{"line":335,"column":2},"end":{"line":355,"column":3}},"131":{"start":{"line":336,"column":25},"end":{"line":336,"column":27}},"132":{"start":{"line":338,"column":16},"end":{"line":338,"column":33}},"133":{"start":{"line":340,"column":4},"end":{"line":340,"column":34}},"134":{"start":{"line":341,"column":4},"end":{"line":341,"column":54}},"135":{"start":{"line":344,"column":4},"end":{"line":344,"column":34}},"136":{"start":{"line":347,"column":4},"end":{"line":347,"column":41}},"137":{"start":{"line":353,"column":2},"end":{"line":353,"column":44}}},"fnMap":{"0":{"name":"(anonymous_0)","decl":{"start":{"line":17,"column":26},"end":{"line":17,"column":27}},"loc":{"start":{"line":17,"column":40},"end":{"line":102,"column":1}},"line":17},"1":{"name":"(anonymous_1)","decl":{"start":{"line":34,"column":50},"end":{"line":34,"column":51}},"loc":{"start":{"line":34,"column":67},"end":{"line":92,"column":5}},"line":34},"2":{"name":"(anonymous_2)","decl":{"start":{"line":71,"column":56},"end":{"line":71,"column":57}},"loc":{"start":{"line":71,"column":81},"end":{"line":80,"column":9}},"line":71},"3":{"name":"(anonymous_3)","decl":{"start":{"line":106,"column":23},"end":{"line":106,"column":24}},"loc":{"start":{"line":106,"column":37},"end":{"line":187,"column":1}},"line":106},"4":{"name":"(anonymous_4)","decl":{"start":{"line":114,"column":44},"end":{"line":114,"column":45}},"loc":{"start":{"line":114,"column":59},"end":{"line":175,"column":5}},"line":114},"5":{"name":"(anonymous_5)","decl":{"start":{"line":150,"column":48},"end":{"line":150,"column":49}},"loc":{"start":{"line":150,"column":73},"end":{"line":160,"column":9}},"line":150},"6":{"name":"(anonymous_6)","decl":{"start":{"line":192,"column":32},"end":{"line":192,"column":33}},"loc":{"start":{"line":192,"column":46},"end":{"line":252,"column":1}},"line":192},"7":{"name":"(anonymous_7)","decl":{"start":{"line":200,"column":55},"end":{"line":200,"column":56}},"loc":{"start":{"line":200,"column":72},"end":{"line":243,"column":5}},"line":200},"8":{"name":"(anonymous_8)","decl":{"start":{"line":255,"column":23},"end":{"line":255,"column":24}},"loc":{"start":{"line":255,"column":37},"end":{"line":295,"column":1}},"line":255},"9":{"name":"(anonymous_9)","decl":{"start":{"line":267,"column":53},"end":{"line":267,"column":54}},"loc":{"start":{"line":267,"column":70},"end":{"line":288,"column":5}},"line":267},"10":{"name":"(anonymous_10)","decl":{"start":{"line":296,"column":28},"end":{"line":296,"column":29}},"loc":{"start":{"line":296,"column":42},"end":{"line":331,"column":1}},"line":296},"11":{"name":"(anonymous_11)","decl":{"start":{"line":304,"column":51},"end":{"line":304,"column":52}},"loc":{"start":{"line":304,"column":68},"end":{"line":322,"column":5}},"line":304},"12":{"name":"(anonymous_12)","decl":{"start":{"line":334,"column":29},"end":{"line":334,"column":30}},"loc":{"start":{"line":334,"column":43},"end":{"line":356,"column":1}},"line":334}},"branchMap":{"0":{"loc":{"start":{"line":36,"column":6},"end":{"line":90,"column":7}},"type":"if","locations":[{"start":{"line":36,"column":6},"end":{"line":90,"column":7}},{"start":{"line":36,"column":6},"end":{"line":90,"column":7}}],"line":36},"1":{"loc":{"start":{"line":72,"column":10},"end":{"line":79,"column":11}},"type":"if","locations":[{"start":{"line":72,"column":10},"end":{"line":79,"column":11}},{"start":{"line":72,"column":10},"end":{"line":79,"column":11}}],"line":72},"2":{"loc":{"start":{"line":117,"column":6},"end":{"line":174,"column":7}},"type":"if","locations":[{"start":{"line":117,"column":6},"end":{"line":174,"column":7}},{"start":{"line":117,"column":6},"end":{"line":174,"column":7}}],"line":117},"3":{"loc":{"start":{"line":151,"column":10},"end":{"line":158,"column":11}},"type":"if","locations":[{"start":{"line":151,"column":10},"end":{"line":158,"column":11}},{"start":{"line":151,"column":10},"end":{"line":158,"column":11}}],"line":151},"4":{"loc":{"start":{"line":204,"column":6},"end":{"line":242,"column":5}},"type":"if","locations":[{"start":{"line":204,"column":6},"end":{"line":242,"column":5}},{"start":{"line":204,"column":6},"end":{"line":242,"column":5}}],"line":204},"5":{"loc":{"start":{"line":268,"column":6},"end":{"line":287,"column":7}},"type":"if","locations":[{"start":{"line":268,"column":6},"end":{"line":287,"column":7}},{"start":{"line":268,"column":6},"end":{"line":287,"column":7}}],"line":268},"6":{"loc":{"start":{"line":305,"column":6},"end":{"line":321,"column":7}},"type":"if","locations":[{"start":{"line":305,"column":6},"end":{"line":321,"column":7}},{"start":{"line":305,"column":6},"end":{"line":321,"column":7}}],"line":305}},"s":{"0":1,"1":1,"2":1,"3":1,"4":1,"5":1,"6":1,"7":1,"8":1,"9":1,"10":1,"11":1,"12":1,"13":1,"14":1,"15":1,"16":1,"17":1,"18":0,"19":0,"20":0,"21":0,"22":0,"23":0,"24":0,"25":0,"26":0,"27":0,"28":0,"29":0,"30":0,"31":0,"32":0,"33":0,"34":0,"35":0,"36":0,"37":0,"38":1,"39":1,"40":1,"41":1,"42":1,"43":0,"44":0,"45":0,"46":0,"47":0,"48":0,"49":0,"50":0,"51":0,"52":0,"53":0,"54":0,"55":0,"56":0,"57":0,"58":0,"59":0,"60":0,"61":0,"62":0,"63":0,"64":0,"65":0,"66":0,"67":0,"68":0,"69":1,"70":1,"71":1,"72":1,"73":1,"74":1,"75":1,"76":1,"77":0,"78":0,"79":0,"80":0,"81":1,"82":1,"83":1,"84":1,"85":1,"86":1,"87":1,"88":1,"89":1,"90":1,"91":1,"92":1,"93":1,"94":0,"95":0,"96":1,"97":0,"98":0,"99":0,"100":0,"101":0,"102":0,"103":0,"104":0,"105":0,"106":0,"107":0,"108":0,"109":0,"110":0,"111":0,"112":0,"113":0,"114":0,"115":0,"116":1,"117":0,"118":0,"119":0,"120":0,"121":0,"122":0,"123":0,"124":0,"125":0,"126":0,"127":0,"128":0,"129":1,"130":0,"131":0,"132":0,"133":0,"134":0,"135":0,"136":0,"137":0},"f":{"0":1,"1":1,"2":0,"3":1,"4":0,"5":0,"6":1,"7":1,"8":0,"9":0,"10":0,"11":0,"12":0},"b":{"0":[1,0],"1":[0,0],"2":[0,0],"3":[0,0],"4":[0,1],"5":[0,0],"6":[0,0]},"_coverageSchema":"43e27e138ebf9cfc5966b082cf9a028302ed4184","hash":"e759b7a1d3292d269ca8470930054d8256e232b8","contentHash":"2ae1c9b4198de77b8d46f196ec41d772ce27efec65a2bc11fbf28a442110a911"},"/home/user/FundooNote/server/service/userService.js":{"path":"/home/user/FundooNote/server/service/userService.js","statementMap":{"0":{"start":{"line":9,"column":16},"end":{"line":9,"column":45}},"1":{"start":{"line":14,"column":15},"end":{"line":14,"column":44}},"2":{"start":{"line":15,"column":4},"end":{"line":15,"column":16}},"3":{"start":{"line":22,"column":8},"end":{"line":41,"column":9}},"4":{"start":{"line":23,"column":12},"end":{"line":33,"column":14}},"5":{"start":{"line":24,"column":16},"end":{"line":32,"column":17}},"6":{"start":{"line":26,"column":20},"end":{"line":26,"column":37}},"7":{"start":{"line":27,"column":20},"end":{"line":27,"column":33}},"8":{"start":{"line":31,"column":20},"end":{"line":31,"column":50}},"9":{"start":{"line":39,"column":12},"end":{"line":39,"column":62}},"10":{"start":{"line":40,"column":12},"end":{"line":40,"column":26}},"11":{"start":{"line":46,"column":8},"end":{"line":69,"column":9}},"12":{"start":{"line":47,"column":12},"end":{"line":47,"column":38}},"13":{"start":{"line":49,"column":12},"end":{"line":61,"column":14}},"14":{"start":{"line":50,"column":16},"end":{"line":60,"column":17}},"15":{"start":{"line":52,"column":20},"end":{"line":52,"column":37}},"16":{"start":{"line":53,"column":20},"end":{"line":53,"column":34}},"17":{"start":{"line":57,"column":20},"end":{"line":57,"column":50}},"18":{"start":{"line":59,"column":20},"end":{"line":59,"column":43}},"19":{"start":{"line":67,"column":12},"end":{"line":67,"column":59}},"20":{"start":{"line":68,"column":12},"end":{"line":68,"column":26}},"21":{"start":{"line":75,"column":8},"end":{"line":96,"column":9}},"22":{"start":{"line":76,"column":12},"end":{"line":88,"column":14}},"23":{"start":{"line":77,"column":16},"end":{"line":87,"column":17}},"24":{"start":{"line":80,"column":20},"end":{"line":80,"column":37}},"25":{"start":{"line":81,"column":20},"end":{"line":81,"column":33}},"26":{"start":{"line":86,"column":20},"end":{"line":86,"column":43}},"27":{"start":{"line":94,"column":12},"end":{"line":94,"column":68}},"28":{"start":{"line":95,"column":12},"end":{"line":95,"column":26}},"29":{"start":{"line":102,"column":8},"end":{"line":130,"column":9}},"30":{"start":{"line":103,"column":12},"end":{"line":103,"column":42}},"31":{"start":{"line":104,"column":30},"end":{"line":104,"column":52}},"32":{"start":{"line":106,"column":29},"end":{"line":108,"column":13}},"33":{"start":{"line":109,"column":12},"end":{"line":109,"column":49}},"34":{"start":{"line":111,"column":12},"end":{"line":123,"column":14}},"35":{"start":{"line":112,"column":16},"end":{"line":112,"column":54}},"36":{"start":{"line":114,"column":16},"end":{"line":122,"column":17}},"37":{"start":{"line":116,"column":20},"end":{"line":116,"column":49}},"38":{"start":{"line":117,"column":20},"end":{"line":117,"column":34}},"39":{"start":{"line":120,"column":20},"end":{"line":120,"column":54}},"40":{"start":{"line":121,"column":20},"end":{"line":121,"column":43}},"41":{"start":{"line":128,"column":12},"end":{"line":128,"column":59}},"42":{"start":{"line":129,"column":12},"end":{"line":129,"column":26}},"43":{"start":{"line":134,"column":8},"end":{"line":163,"column":9}},"44":{"start":{"line":135,"column":12},"end":{"line":135,"column":56}},"45":{"start":{"line":137,"column":28},"end":{"line":142,"column":13}},"46":{"start":{"line":143,"column":12},"end":{"line":143,"column":43}},"47":{"start":{"line":144,"column":12},"end":{"line":154,"column":14}},"48":{"start":{"line":145,"column":16},"end":{"line":153,"column":17}},"49":{"start":{"line":147,"column":20},"end":{"line":147,"column":50}},"50":{"start":{"line":148,"column":20},"end":{"line":148,"column":34}},"51":{"start":{"line":152,"column":20},"end":{"line":152,"column":42}},"52":{"start":{"line":161,"column":12},"end":{"line":161,"column":64}},"53":{"start":{"line":162,"column":12},"end":{"line":162,"column":26}},"54":{"start":{"line":168,"column":14},"end":{"line":168,"column":32}},"55":{"start":{"line":169,"column":0},"end":{"line":169,"column":25}}},"fnMap":{"0":{"name":"hashing","decl":{"start":{"line":12,"column":9},"end":{"line":12,"column":16}},"loc":{"start":{"line":12,"column":27},"end":{"line":17,"column":1}},"line":12},"1":{"name":"(anonymous_1)","decl":{"start":{"line":19,"column":4},"end":{"line":19,"column":5}},"loc":{"start":{"line":19,"column":18},"end":{"line":19,"column":21}},"line":19},"2":{"name":"(anonymous_2)","decl":{"start":{"line":21,"column":4},"end":{"line":21,"column":5}},"loc":{"start":{"line":21,"column":40},"end":{"line":42,"column":5}},"line":21},"3":{"name":"(anonymous_3)","decl":{"start":{"line":23,"column":35},"end":{"line":23,"column":36}},"loc":{"start":{"line":23,"column":52},"end":{"line":33,"column":13}},"line":23},"4":{"name":"(anonymous_4)","decl":{"start":{"line":45,"column":4},"end":{"line":45,"column":5}},"loc":{"start":{"line":45,"column":37},"end":{"line":70,"column":5}},"line":45},"5":{"name":"(anonymous_5)","decl":{"start":{"line":49,"column":32},"end":{"line":49,"column":33}},"loc":{"start":{"line":49,"column":49},"end":{"line":61,"column":13}},"line":49},"6":{"name":"(anonymous_6)","decl":{"start":{"line":74,"column":4},"end":{"line":74,"column":5}},"loc":{"start":{"line":74,"column":47},"end":{"line":98,"column":5}},"line":74},"7":{"name":"(anonymous_7)","decl":{"start":{"line":76,"column":38},"end":{"line":76,"column":39}},"loc":{"start":{"line":76,"column":55},"end":{"line":88,"column":13}},"line":76},"8":{"name":"(anonymous_8)","decl":{"start":{"line":101,"column":4},"end":{"line":101,"column":5}},"loc":{"start":{"line":101,"column":46},"end":{"line":131,"column":5}},"line":101},"9":{"name":"(anonymous_9)","decl":{"start":{"line":111,"column":47},"end":{"line":111,"column":48}},"loc":{"start":{"line":111,"column":64},"end":{"line":123,"column":13}},"line":111},"10":{"name":"(anonymous_10)","decl":{"start":{"line":133,"column":4},"end":{"line":133,"column":5}},"loc":{"start":{"line":133,"column":41},"end":{"line":164,"column":5}},"line":133},"11":{"name":"(anonymous_11)","decl":{"start":{"line":144,"column":46},"end":{"line":144,"column":47}},"loc":{"start":{"line":144,"column":63},"end":{"line":154,"column":13}},"line":144}},"branchMap":{"0":{"loc":{"start":{"line":24,"column":16},"end":{"line":32,"column":17}},"type":"if","locations":[{"start":{"line":24,"column":16},"end":{"line":32,"column":17}},{"start":{"line":24,"column":16},"end":{"line":32,"column":17}}],"line":24},"1":{"loc":{"start":{"line":50,"column":16},"end":{"line":60,"column":17}},"type":"if","locations":[{"start":{"line":50,"column":16},"end":{"line":60,"column":17}},{"start":{"line":50,"column":16},"end":{"line":60,"column":17}}],"line":50},"2":{"loc":{"start":{"line":77,"column":16},"end":{"line":87,"column":17}},"type":"if","locations":[{"start":{"line":77,"column":16},"end":{"line":87,"column":17}},{"start":{"line":77,"column":16},"end":{"line":87,"column":17}}],"line":77},"3":{"loc":{"start":{"line":114,"column":16},"end":{"line":122,"column":17}},"type":"if","locations":[{"start":{"line":114,"column":16},"end":{"line":122,"column":17}},{"start":{"line":114,"column":16},"end":{"line":122,"column":17}}],"line":114},"4":{"loc":{"start":{"line":145,"column":16},"end":{"line":153,"column":17}},"type":"if","locations":[{"start":{"line":145,"column":16},"end":{"line":153,"column":17}},{"start":{"line":145,"column":16},"end":{"line":153,"column":17}}],"line":145}},"s":{"0":1,"1":0,"2":0,"3":1,"4":1,"5":1,"6":1,"7":1,"8":0,"9":0,"10":0,"11":1,"12":1,"13":1,"14":0,"15":0,"16":0,"17":0,"18":0,"19":0,"20":0,"21":1,"22":1,"23":1,"24":0,"25":0,"26":1,"27":0,"28":0,"29":0,"30":0,"31":0,"32":0,"33":0,"34":0,"35":0,"36":0,"37":0,"38":0,"39":0,"40":0,"41":0,"42":0,"43":0,"44":0,"45":0,"46":0,"47":0,"48":0,"49":0,"50":0,"51":0,"52":0,"53":0,"54":1,"55":1},"f":{"0":0,"1":1,"2":1,"3":1,"4":1,"5":0,"6":1,"7":1,"8":0,"9":0,"10":0,"11":0},"b":{"0":[1,0],"1":[0,0],"2":[0,1],"3":[0,0],"4":[0,0]},"_coverageSchema":"43e27e138ebf9cfc5966b082cf9a028302ed4184","hash":"fb7108ca79469a8abce3d4442252cc8a51097f86","contentHash":"0be51dbf38c832520b69a671b2d99df9b490f28bdea06d44dedc6cc8ace9b738"},"/home/user/FundooNote/server/model/userModel.js":{"path":"/home/user/FundooNote/server/model/userModel.js","statementMap":{"0":{"start":{"line":10,"column":17},"end":{"line":10,"column":36}},"1":{"start":{"line":12,"column":15},"end":{"line":12,"column":44}},"2":{"start":{"line":15,"column":12},"end":{"line":15,"column":30}},"3":{"start":{"line":16,"column":11},"end":{"line":16,"column":24}},"4":{"start":{"line":17,"column":13},"end":{"line":17,"column":28}},"5":{"start":{"line":24,"column":25},"end":{"line":31,"column":1}},"6":{"start":{"line":32,"column":21},"end":{"line":38,"column":1}},"7":{"start":{"line":43,"column":21},"end":{"line":43,"column":36}},"8":{"start":{"line":44,"column":15},"end":{"line":63,"column":2}},"9":{"start":{"line":66,"column":11},"end":{"line":66,"column":43}},"10":{"start":{"line":73,"column":15},"end":{"line":73,"column":44}},"11":{"start":{"line":74,"column":4},"end":{"line":74,"column":16}},"12":{"start":{"line":82,"column":4},"end":{"line":138,"column":5}},"13":{"start":{"line":88,"column":18},"end":{"line":88,"column":61}},"14":{"start":{"line":89,"column":12},"end":{"line":89,"column":72}},"15":{"start":{"line":91,"column":12},"end":{"line":127,"column":13}},"16":{"start":{"line":93,"column":16},"end":{"line":93,"column":61}},"17":{"start":{"line":106,"column":15},"end":{"line":106,"column":59}},"18":{"start":{"line":107,"column":16},"end":{"line":107,"column":69}},"19":{"start":{"line":108,"column":32},"end":{"line":113,"column":22}},"20":{"start":{"line":114,"column":16},"end":{"line":114,"column":66}},"21":{"start":{"line":115,"column":16},"end":{"line":125,"column":19}},"22":{"start":{"line":116,"column":20},"end":{"line":124,"column":21}},"23":{"start":{"line":118,"column":24},"end":{"line":118,"column":45}},"24":{"start":{"line":121,"column":24},"end":{"line":121,"column":52}},"25":{"start":{"line":122,"column":24},"end":{"line":122,"column":44}},"26":{"start":{"line":123,"column":24},"end":{"line":123,"column":45}},"27":{"start":{"line":135,"column":8},"end":{"line":135,"column":52}},"28":{"start":{"line":137,"column":7},"end":{"line":137,"column":21}},"29":{"start":{"line":143,"column":4},"end":{"line":193,"column":5}},"30":{"start":{"line":148,"column":18},"end":{"line":148,"column":61}},"31":{"start":{"line":149,"column":12},"end":{"line":184,"column":13}},"32":{"start":{"line":151,"column":16},"end":{"line":151,"column":50}},"33":{"start":{"line":160,"column":16},"end":{"line":175,"column":18}},"34":{"start":{"line":161,"column":20},"end":{"line":161,"column":48}},"35":{"start":{"line":162,"column":20},"end":{"line":173,"column":21}},"36":{"start":{"line":163,"column":24},"end":{"line":163,"column":61}},"37":{"start":{"line":165,"column":24},"end":{"line":165,"column":37}},"38":{"start":{"line":171,"column":24},"end":{"line":171,"column":65}},"39":{"start":{"line":172,"column":24},"end":{"line":172,"column":47}},"40":{"start":{"line":190,"column":8},"end":{"line":190,"column":49}},"41":{"start":{"line":192,"column":8},"end":{"line":192,"column":22}},"42":{"start":{"line":199,"column":4},"end":{"line":238,"column":5}},"43":{"start":{"line":203,"column":17},"end":{"line":203,"column":59}},"44":{"start":{"line":204,"column":6},"end":{"line":204,"column":53}},"45":{"start":{"line":206,"column":12},"end":{"line":228,"column":12}},"46":{"start":{"line":207,"column":16},"end":{"line":207,"column":33}},"47":{"start":{"line":208,"column":16},"end":{"line":208,"column":46}},"48":{"start":{"line":210,"column":17},"end":{"line":228,"column":12}},"49":{"start":{"line":217,"column":20},"end":{"line":217,"column":41}},"50":{"start":{"line":227,"column":12},"end":{"line":227,"column":42}},"51":{"start":{"line":235,"column":8},"end":{"line":235,"column":58}},"52":{"start":{"line":237,"column":8},"end":{"line":237,"column":22}},"53":{"start":{"line":277,"column":4},"end":{"line":305,"column":5}},"54":{"start":{"line":278,"column":8},"end":{"line":278,"column":72}},"55":{"start":{"line":282,"column":17},"end":{"line":282,"column":75}},"56":{"start":{"line":283,"column":16},"end":{"line":296,"column":17}},"57":{"start":{"line":284,"column":20},"end":{"line":284,"column":62}},"58":{"start":{"line":285,"column":20},"end":{"line":285,"column":52}},"59":{"start":{"line":287,"column":21},"end":{"line":296,"column":17}},"60":{"start":{"line":289,"column":20},"end":{"line":289,"column":63}},"61":{"start":{"line":290,"column":20},"end":{"line":290,"column":73}},"62":{"start":{"line":294,"column":20},"end":{"line":294,"column":51}},"63":{"start":{"line":303,"column":8},"end":{"line":303,"column":73}},"64":{"start":{"line":304,"column":8},"end":{"line":304,"column":22}},"65":{"start":{"line":310,"column":16},"end":{"line":310,"column":34}},"66":{"start":{"line":311,"column":0},"end":{"line":311,"column":27}}},"fnMap":{"0":{"name":"hashing","decl":{"start":{"line":71,"column":9},"end":{"line":71,"column":16}},"loc":{"start":{"line":71,"column":27},"end":{"line":76,"column":1}},"line":71},"1":{"name":"(anonymous_1)","decl":{"start":{"line":78,"column":4},"end":{"line":78,"column":5}},"loc":{"start":{"line":78,"column":18},"end":{"line":78,"column":21}},"line":78},"2":{"name":"(anonymous_2)","decl":{"start":{"line":81,"column":0},"end":{"line":81,"column":1}},"loc":{"start":{"line":81,"column":33},"end":{"line":139,"column":1}},"line":81},"3":{"name":"(anonymous_3)","decl":{"start":{"line":115,"column":29},"end":{"line":115,"column":30}},"loc":{"start":{"line":115,"column":50},"end":{"line":125,"column":17}},"line":115},"4":{"name":"(anonymous_4)","decl":{"start":{"line":142,"column":0},"end":{"line":142,"column":1}},"loc":{"start":{"line":142,"column":26},"end":{"line":194,"column":1}},"line":142},"5":{"name":"(anonymous_5)","decl":{"start":{"line":160,"column":63},"end":{"line":160,"column":64}},"loc":{"start":{"line":160,"column":83},"end":{"line":175,"column":17}},"line":160},"6":{"name":"(anonymous_6)","decl":{"start":{"line":198,"column":0},"end":{"line":198,"column":1}},"loc":{"start":{"line":198,"column":32},"end":{"line":239,"column":1}},"line":198},"7":{"name":"(anonymous_7)","decl":{"start":{"line":276,"column":0},"end":{"line":276,"column":1}},"loc":{"start":{"line":276,"column":42},"end":{"line":306,"column":1}},"line":276}},"branchMap":{"0":{"loc":{"start":{"line":91,"column":12},"end":{"line":127,"column":13}},"type":"if","locations":[{"start":{"line":91,"column":12},"end":{"line":127,"column":13}},{"start":{"line":91,"column":12},"end":{"line":127,"column":13}}],"line":91},"1":{"loc":{"start":{"line":116,"column":20},"end":{"line":124,"column":21}},"type":"if","locations":[{"start":{"line":116,"column":20},"end":{"line":124,"column":21}},{"start":{"line":116,"column":20},"end":{"line":124,"column":21}}],"line":116},"2":{"loc":{"start":{"line":149,"column":12},"end":{"line":184,"column":13}},"type":"if","locations":[{"start":{"line":149,"column":12},"end":{"line":184,"column":13}},{"start":{"line":149,"column":12},"end":{"line":184,"column":13}}],"line":149},"3":{"loc":{"start":{"line":162,"column":20},"end":{"line":173,"column":21}},"type":"if","locations":[{"start":{"line":162,"column":20},"end":{"line":173,"column":21}},{"start":{"line":162,"column":20},"end":{"line":173,"column":21}}],"line":162},"4":{"loc":{"start":{"line":206,"column":12},"end":{"line":228,"column":12}},"type":"if","locations":[{"start":{"line":206,"column":12},"end":{"line":228,"column":12}},{"start":{"line":206,"column":12},"end":{"line":228,"column":12}}],"line":206},"5":{"loc":{"start":{"line":210,"column":17},"end":{"line":228,"column":12}},"type":"if","locations":[{"start":{"line":210,"column":17},"end":{"line":228,"column":12}},{"start":{"line":210,"column":17},"end":{"line":228,"column":12}}],"line":210},"6":{"loc":{"start":{"line":283,"column":16},"end":{"line":296,"column":17}},"type":"if","locations":[{"start":{"line":283,"column":16},"end":{"line":296,"column":17}},{"start":{"line":283,"column":16},"end":{"line":296,"column":17}}],"line":283},"7":{"loc":{"start":{"line":287,"column":21},"end":{"line":296,"column":17}},"type":"if","locations":[{"start":{"line":287,"column":21},"end":{"line":296,"column":17}},{"start":{"line":287,"column":21},"end":{"line":296,"column":17}}],"line":287}},"s":{"0":1,"1":1,"2":1,"3":1,"4":1,"5":1,"6":1,"7":1,"8":1,"9":1,"10":1,"11":0,"12":1,"13":1,"14":1,"15":1,"16":0,"17":1,"18":0,"19":0,"20":0,"21":0,"22":0,"23":0,"24":0,"25":0,"26":0,"27":1,"28":1,"29":1,"30":1,"31":1,"32":0,"33":1,"34":0,"35":0,"36":0,"37":0,"38":0,"39":0,"40":1,"41":1,"42":1,"43":1,"44":1,"45":1,"46":0,"47":0,"48":1,"49":1,"50":0,"51":0,"52":0,"53":0,"54":0,"55":0,"56":0,"57":0,"58":0,"59":0,"60":0,"61":0,"62":0,"63":0,"64":0,"65":1,"66":1},"f":{"0":1,"1":1,"2":1,"3":0,"4":1,"5":0,"6":1,"7":0},"b":{"0":[0,1],"1":[0,0],"2":[0,1],"3":[0,0],"4":[0,1],"5":[1,0],"6":[0,0],"7":[0,0]},"_coverageSchema":"43e27e138ebf9cfc5966b082cf9a028302ed4184","hash":"c1b00b0e5a3eea63ad41dfa1faf1bd3713c22562","contentHash":"4b73df9edc2eaa95ba7504b2b31e121d8cb010e15165b1d8e8b05765cd06364b"},"/home/user/FundooNote/server/middleWare/sendM.js":{"path":"/home/user/FundooNote/server/middleWare/sendM.js","statementMap":{"0":{"start":{"line":10,"column":0},"end":{"line":39,"column":1}},"1":{"start":{"line":11,"column":19},"end":{"line":11,"column":40}},"2":{"start":{"line":12,"column":20},"end":{"line":12,"column":56}},"3":{"start":{"line":13,"column":1},"end":{"line":13,"column":29}},"4":{"start":{"line":15,"column":20},"end":{"line":22,"column":5}},"5":{"start":{"line":23,"column":22},"end":{"line":28,"column":3}},"6":{"start":{"line":29,"column":0},"end":{"line":29,"column":34}},"7":{"start":{"line":30,"column":2},"end":{"line":37,"column":5}},"8":{"start":{"line":31,"column":4},"end":{"line":35,"column":5}},"9":{"start":{"line":32,"column":6},"end":{"line":32,"column":25}},"10":{"start":{"line":34,"column":6},"end":{"line":34,"column":50}}},"fnMap":{"0":{"name":"(anonymous_0)","decl":{"start":{"line":10,"column":22},"end":{"line":10,"column":23}},"loc":{"start":{"line":10,"column":37},"end":{"line":39,"column":1}},"line":10},"1":{"name":"(anonymous_1)","decl":{"start":{"line":30,"column":36},"end":{"line":30,"column":37}},"loc":{"start":{"line":30,"column":59},"end":{"line":37,"column":3}},"line":30}},"branchMap":{"0":{"loc":{"start":{"line":31,"column":4},"end":{"line":35,"column":5}},"type":"if","locations":[{"start":{"line":31,"column":4},"end":{"line":35,"column":5}},{"start":{"line":31,"column":4},"end":{"line":35,"column":5}}],"line":31}},"s":{"0":1,"1":1,"2":1,"3":1,"4":1,"5":1,"6":1,"7":1,"8":1,"9":0,"10":1},"f":{"0":1,"1":1},"b":{"0":[0,1]},"_coverageSchema":"43e27e138ebf9cfc5966b082cf9a028302ed4184","hash":"a25f20dde9cbddba09bc9b531e0ebda73a9f199b","contentHash":"41e89aa4700119c996405452160731ba92cfe39f8a707dd3a440a0f981917bfb"},"/home/user/FundooNote/server/middleWare/token.js":{"path":"/home/user/FundooNote/server/middleWare/token.js","statementMap":{"0":{"start":{"line":9,"column":12},"end":{"line":9,"column":35}},"1":{"start":{"line":11,"column":11},"end":{"line":11,"column":22}},"2":{"start":{"line":12,"column":0},"end":{"line":22,"column":1}},"3":{"start":{"line":14,"column":18},"end":{"line":14,"column":67}},"4":{"start":{"line":15,"column":16},"end":{"line":19,"column":5}},"5":{"start":{"line":20,"column":4},"end":{"line":20,"column":15}}},"fnMap":{"0":{"name":"(anonymous_0)","decl":{"start":{"line":13,"column":2},"end":{"line":13,"column":3}},"loc":{"start":{"line":13,"column":28},"end":{"line":21,"column":3}},"line":13}},"branchMap":{},"s":{"0":1,"1":1,"2":1,"3":1,"4":1,"5":1},"f":{"0":1},"b":{},"_coverageSchema":"43e27e138ebf9cfc5966b082cf9a028302ed4184","hash":"e85f0b6a9e305e72c74601d7f3192be930ee0bfa","contentHash":"d413b871a5152e45ef618efaf33fce7b6fcccc4d9c179fdfc9af9534e22032c7"},"/home/user/FundooNote/server/controller/shortUrlController.js":{"path":"/home/user/FundooNote/server/controller/shortUrlController.js","statementMap":{"0":{"start":{"line":10,"column":20},"end":{"line":10,"column":57}},"1":{"start":{"line":11,"column":0},"end":{"line":48,"column":3}},"2":{"start":{"line":12,"column":4},"end":{"line":47,"column":5}},"3":{"start":{"line":14,"column":27},"end":{"line":14,"column":29}},"4":{"start":{"line":15,"column":6},"end":{"line":15,"column":42}},"5":{"start":{"line":16,"column":21},"end":{"line":19,"column":7}},"6":{"start":{"line":20,"column":6},"end":{"line":39,"column":8}},"7":{"start":{"line":21,"column":8},"end":{"line":38,"column":9}},"8":{"start":{"line":23,"column":10},"end":{"line":23,"column":40}},"9":{"start":{"line":24,"column":10},"end":{"line":24,"column":41}},"10":{"start":{"line":25,"column":10},"end":{"line":25,"column":37}},"11":{"start":{"line":28,"column":10},"end":{"line":28,"column":46}},"12":{"start":{"line":32,"column":10},"end":{"line":32,"column":40}},"13":{"start":{"line":34,"column":10},"end":{"line":34,"column":41}},"14":{"start":{"line":37,"column":10},"end":{"line":37,"column":47}},"15":{"start":{"line":44,"column":6},"end":{"line":44,"column":48}},"16":{"start":{"line":46,"column":6},"end":{"line":46,"column":20}},"17":{"start":{"line":51,"column":2},"end":{"line":86,"column":3}},"18":{"start":{"line":52,"column":4},"end":{"line":85,"column":5}},"19":{"start":{"line":53,"column":8},"end":{"line":53,"column":45}},"20":{"start":{"line":54,"column":27},"end":{"line":54,"column":29}},"21":{"start":{"line":56,"column":6},"end":{"line":77,"column":8}},"22":{"start":{"line":57,"column":8},"end":{"line":76,"column":9}},"23":{"start":{"line":59,"column":10},"end":{"line":59,"column":41}},"24":{"start":{"line":60,"column":10},"end":{"line":60,"column":41}},"25":{"start":{"line":62,"column":10},"end":{"line":62,"column":37}},"26":{"start":{"line":65,"column":10},"end":{"line":65,"column":46}},"27":{"start":{"line":70,"column":10},"end":{"line":70,"column":40}},"28":{"start":{"line":72,"column":10},"end":{"line":72,"column":41}},"29":{"start":{"line":75,"column":10},"end":{"line":75,"column":47}},"30":{"start":{"line":82,"column":6},"end":{"line":82,"column":49}},"31":{"start":{"line":84,"column":6},"end":{"line":84,"column":20}}},"fnMap":{"0":{"name":"(anonymous_0)","decl":{"start":{"line":11,"column":24},"end":{"line":11,"column":25}},"loc":{"start":{"line":11,"column":38},"end":{"line":48,"column":3}},"line":11},"1":{"name":"(anonymous_1)","decl":{"start":{"line":20,"column":46},"end":{"line":20,"column":47}},"loc":{"start":{"line":20,"column":63},"end":{"line":39,"column":7}},"line":20},"2":{"name":"(anonymous_2)","decl":{"start":{"line":51,"column":27},"end":{"line":51,"column":28}},"loc":{"start":{"line":51,"column":41},"end":{"line":86,"column":3}},"line":51},"3":{"name":"(anonymous_3)","decl":{"start":{"line":56,"column":40},"end":{"line":56,"column":41}},"loc":{"start":{"line":56,"column":57},"end":{"line":77,"column":7}},"line":56}},"branchMap":{"0":{"loc":{"start":{"line":21,"column":8},"end":{"line":38,"column":9}},"type":"if","locations":[{"start":{"line":21,"column":8},"end":{"line":38,"column":9}},{"start":{"line":21,"column":8},"end":{"line":38,"column":9}}],"line":21},"1":{"loc":{"start":{"line":57,"column":8},"end":{"line":76,"column":9}},"type":"if","locations":[{"start":{"line":57,"column":8},"end":{"line":76,"column":9}},{"start":{"line":57,"column":8},"end":{"line":76,"column":9}}],"line":57}},"s":{"0":1,"1":1,"2":1,"3":1,"4":1,"5":1,"6":1,"7":1,"8":0,"9":0,"10":0,"11":0,"12":1,"13":1,"14":1,"15":0,"16":0,"17":1,"18":1,"19":1,"20":1,"21":1,"22":1,"23":0,"24":0,"25":0,"26":0,"27":1,"28":1,"29":1,"30":0,"31":0},"f":{"0":1,"1":1,"2":1,"3":1},"b":{"0":[0,1],"1":[0,1]},"_coverageSchema":"43e27e138ebf9cfc5966b082cf9a028302ed4184","hash":"c479401061a4578d2dc853cb3bd3a8aa74fe4462","contentHash":"0c1553dbf63c241a4e3fe842d4a8a544ddb1acd3b5777b51e7c746d29e182971"},"/home/user/FundooNote/server/service/shortUrlService.js":{"path":"/home/user/FundooNote/server/service/shortUrlService.js","statementMap":{"0":{"start":{"line":10,"column":18},"end":{"line":10,"column":51}},"1":{"start":{"line":16,"column":4},"end":{"line":36,"column":5}},"2":{"start":{"line":17,"column":8},"end":{"line":17,"column":39}},"3":{"start":{"line":18,"column":8},"end":{"line":28,"column":10}},"4":{"start":{"line":19,"column":12},"end":{"line":27,"column":13}},"5":{"start":{"line":21,"column":16},"end":{"line":21,"column":45}},"6":{"start":{"line":22,"column":16},"end":{"line":22,"column":30}},"7":{"start":{"line":26,"column":16},"end":{"line":26,"column":39}},"8":{"start":{"line":33,"column":8},"end":{"line":33,"column":57}},"9":{"start":{"line":35,"column":8},"end":{"line":35,"column":22}},"10":{"start":{"line":41,"column":4},"end":{"line":61,"column":5}},"11":{"start":{"line":43,"column":8},"end":{"line":53,"column":10}},"12":{"start":{"line":44,"column":12},"end":{"line":52,"column":13}},"13":{"start":{"line":46,"column":16},"end":{"line":46,"column":45}},"14":{"start":{"line":47,"column":16},"end":{"line":47,"column":30}},"15":{"start":{"line":50,"column":16},"end":{"line":50,"column":50}},"16":{"start":{"line":51,"column":16},"end":{"line":51,"column":39}},"17":{"start":{"line":58,"column":8},"end":{"line":58,"column":56}},"18":{"start":{"line":60,"column":8},"end":{"line":60,"column":22}},"19":{"start":{"line":67,"column":19},"end":{"line":67,"column":33}},"20":{"start":{"line":68,"column":0},"end":{"line":68,"column":30}}},"fnMap":{"0":{"name":"(anonymous_0)","decl":{"start":{"line":12,"column":4},"end":{"line":12,"column":5}},"loc":{"start":{"line":12,"column":18},"end":{"line":12,"column":21}},"line":12},"1":{"name":"(anonymous_1)","decl":{"start":{"line":15,"column":0},"end":{"line":15,"column":1}},"loc":{"start":{"line":15,"column":32},"end":{"line":37,"column":1}},"line":15},"2":{"name":"(anonymous_2)","decl":{"start":{"line":18,"column":44},"end":{"line":18,"column":45}},"loc":{"start":{"line":18,"column":61},"end":{"line":28,"column":9}},"line":18},"3":{"name":"(anonymous_3)","decl":{"start":{"line":40,"column":0},"end":{"line":40,"column":1}},"loc":{"start":{"line":40,"column":29},"end":{"line":62,"column":1}},"line":40},"4":{"name":"(anonymous_4)","decl":{"start":{"line":43,"column":43},"end":{"line":43,"column":44}},"loc":{"start":{"line":43,"column":60},"end":{"line":53,"column":9}},"line":43}},"branchMap":{"0":{"loc":{"start":{"line":19,"column":12},"end":{"line":27,"column":13}},"type":"if","locations":[{"start":{"line":19,"column":12},"end":{"line":27,"column":13}},{"start":{"line":19,"column":12},"end":{"line":27,"column":13}}],"line":19},"1":{"loc":{"start":{"line":44,"column":12},"end":{"line":52,"column":13}},"type":"if","locations":[{"start":{"line":44,"column":12},"end":{"line":52,"column":13}},{"start":{"line":44,"column":12},"end":{"line":52,"column":13}}],"line":44}},"s":{"0":1,"1":1,"2":1,"3":1,"4":1,"5":0,"6":0,"7":1,"8":0,"9":0,"10":1,"11":1,"12":1,"13":0,"14":0,"15":1,"16":1,"17":0,"18":0,"19":1,"20":1},"f":{"0":1,"1":1,"2":1,"3":1,"4":1},"b":{"0":[0,1],"1":[0,1]},"_coverageSchema":"43e27e138ebf9cfc5966b082cf9a028302ed4184","hash":"016e72e989bf64e75a802ee1a5f7d827572797e4","contentHash":"1c924c0dd2caa19df408a0fcc46b84952e46a14965605c554e4fad9432fba7fe"},"/home/user/FundooNote/server/model/shortUrlModel.js":{"path":"/home/user/FundooNote/server/model/shortUrlModel.js","statementMap":{"0":{"start":{"line":10,"column":17},"end":{"line":10,"column":37}},"1":{"start":{"line":12,"column":16},"end":{"line":12,"column":34}},"2":{"start":{"line":14,"column":17},"end":{"line":14,"column":36}},"3":{"start":{"line":16,"column":19},"end":{"line":16,"column":27}},"4":{"start":{"line":17,"column":25},"end":{"line":23,"column":2}},"5":{"start":{"line":24,"column":19},"end":{"line":24,"column":65}},"6":{"start":{"line":33,"column":20},"end":{"line":33,"column":37}},"7":{"start":{"line":34,"column":4},"end":{"line":34,"column":37}},"8":{"start":{"line":36,"column":4},"end":{"line":47,"column":7}},"9":{"start":{"line":39,"column":8},"end":{"line":45,"column":9}},"10":{"start":{"line":41,"column":12},"end":{"line":41,"column":46}},"11":{"start":{"line":44,"column":12},"end":{"line":44,"column":27}},"12":{"start":{"line":52,"column":42},"end":{"line":52,"column":48}},"13":{"start":{"line":53,"column":4},"end":{"line":53,"column":42}},"14":{"start":{"line":55,"column":4},"end":{"line":66,"column":5}},"15":{"start":{"line":57,"column":8},"end":{"line":57,"column":41}},"16":{"start":{"line":61,"column":8},"end":{"line":65,"column":14}},"17":{"start":{"line":67,"column":20},"end":{"line":67,"column":38}},"18":{"start":{"line":68,"column":22},"end":{"line":68,"column":32}},"19":{"start":{"line":71,"column":4},"end":{"line":103,"column":5}},"20":{"start":{"line":72,"column":8},"end":{"line":95,"column":9}},"21":{"start":{"line":73,"column":12},"end":{"line":90,"column":15}},"22":{"start":{"line":75,"column":16},"end":{"line":89,"column":17}},"23":{"start":{"line":76,"column":20},"end":{"line":76,"column":53}},"24":{"start":{"line":78,"column":35},"end":{"line":78,"column":63}},"25":{"start":{"line":79,"column":20},"end":{"line":79,"column":42}},"26":{"start":{"line":80,"column":33},"end":{"line":85,"column":22}},"27":{"start":{"line":87,"column":20},"end":{"line":87,"column":32}},"28":{"start":{"line":88,"column":20},"end":{"line":88,"column":43}},"29":{"start":{"line":94,"column":12},"end":{"line":94,"column":52}},"30":{"start":{"line":98,"column":8},"end":{"line":102,"column":14}},"31":{"start":{"line":107,"column":19},"end":{"line":107,"column":38}},"32":{"start":{"line":108,"column":0},"end":{"line":108,"column":30}}},"fnMap":{"0":{"name":"(anonymous_0)","decl":{"start":{"line":27,"column":4},"end":{"line":27,"column":5}},"loc":{"start":{"line":27,"column":17},"end":{"line":27,"column":20}},"line":27},"1":{"name":"(anonymous_1)","decl":{"start":{"line":30,"column":0},"end":{"line":30,"column":1}},"loc":{"start":{"line":30,"column":31},"end":{"line":48,"column":1}},"line":30},"2":{"name":"(anonymous_2)","decl":{"start":{"line":38,"column":7},"end":{"line":38,"column":8}},"loc":{"start":{"line":38,"column":22},"end":{"line":47,"column":5}},"line":38},"3":{"name":"(anonymous_3)","decl":{"start":{"line":50,"column":0},"end":{"line":50,"column":1}},"loc":{"start":{"line":50,"column":30},"end":{"line":104,"column":1}},"line":50},"4":{"name":"(anonymous_4)","decl":{"start":{"line":73,"column":63},"end":{"line":73,"column":64}},"loc":{"start":{"line":73,"column":78},"end":{"line":90,"column":13}},"line":73}},"branchMap":{"0":{"loc":{"start":{"line":39,"column":8},"end":{"line":45,"column":9}},"type":"if","locations":[{"start":{"line":39,"column":8},"end":{"line":45,"column":9}},{"start":{"line":39,"column":8},"end":{"line":45,"column":9}}],"line":39},"1":{"loc":{"start":{"line":55,"column":4},"end":{"line":66,"column":5}},"type":"if","locations":[{"start":{"line":55,"column":4},"end":{"line":66,"column":5}},{"start":{"line":55,"column":4},"end":{"line":66,"column":5}}],"line":55},"2":{"loc":{"start":{"line":71,"column":4},"end":{"line":103,"column":5}},"type":"if","locations":[{"start":{"line":71,"column":4},"end":{"line":103,"column":5}},{"start":{"line":71,"column":4},"end":{"line":103,"column":5}}],"line":71},"3":{"loc":{"start":{"line":75,"column":16},"end":{"line":89,"column":17}},"type":"if","locations":[{"start":{"line":75,"column":16},"end":{"line":89,"column":17}},{"start":{"line":75,"column":16},"end":{"line":89,"column":17}}],"line":75}},"s":{"0":1,"1":1,"2":1,"3":1,"4":1,"5":1,"6":1,"7":1,"8":1,"9":1,"10":0,"11":1,"12":1,"13":1,"14":1,"15":1,"16":0,"17":1,"18":1,"19":1,"20":1,"21":1,"22":1,"23":0,"24":1,"25":1,"26":1,"27":1,"28":1,"29":0,"30":0,"31":1,"32":1},"f":{"0":1,"1":1,"2":1,"3":1,"4":1},"b":{"0":[0,1],"1":[1,0],"2":[1,0],"3":[0,1]},"_coverageSchema":"43e27e138ebf9cfc5966b082cf9a028302ed4184","hash":"26f6da27fed85565e803df4af244c3f54e2661e7","contentHash":"71313e33601e1eac9702ac69f89b6fd5f3b31e568eb2acc7bd55dff0c794981a"},"/home/user/FundooNote/server/authentication/tokenVerify.js":{"path":"/home/user/FundooNote/server/authentication/tokenVerify.js","statementMap":{"0":{"start":{"line":9,"column":10},"end":{"line":9,"column":33}},"1":{"start":{"line":11,"column":13},"end":{"line":11,"column":24}},"2":{"start":{"line":13,"column":0},"end":{"line":56,"column":1}},"3":{"start":{"line":14,"column":4},"end":{"line":55,"column":5}},"4":{"start":{"line":15,"column":8},"end":{"line":15,"column":54}},"5":{"start":{"line":16,"column":20},"end":{"line":16,"column":40}},"6":{"start":{"line":17,"column":8},"end":{"line":17,"column":48}},"7":{"start":{"line":19,"column":23},"end":{"line":19,"column":50}},"8":{"start":{"line":20,"column":8},"end":{"line":46,"column":9}},"9":{"start":{"line":22,"column":12},"end":{"line":39,"column":15}},"10":{"start":{"line":23,"column":16},"end":{"line":37,"column":17}},"11":{"start":{"line":25,"column":20},"end":{"line":25,"column":36}},"12":{"start":{"line":26,"column":20},"end":{"line":26,"column":54}},"13":{"start":{"line":28,"column":20},"end":{"line":28,"column":62}},"14":{"start":{"line":33,"column":20},"end":{"line":33,"column":74}},"15":{"start":{"line":34,"column":20},"end":{"line":34,"column":42}},"16":{"start":{"line":35,"column":20},"end":{"line":35,"column":51}},"17":{"start":{"line":36,"column":20},"end":{"line":36,"column":27}},"18":{"start":{"line":42,"column":12},"end":{"line":45,"column":14}},"19":{"start":{"line":53,"column":8},"end":{"line":53,"column":62}}},"fnMap":{"0":{"name":"(anonymous_0)","decl":{"start":{"line":13,"column":21},"end":{"line":13,"column":22}},"loc":{"start":{"line":13,"column":41},"end":{"line":56,"column":1}},"line":13},"1":{"name":"(anonymous_1)","decl":{"start":{"line":22,"column":38},"end":{"line":22,"column":39}},"loc":{"start":{"line":22,"column":56},"end":{"line":39,"column":13}},"line":22}},"branchMap":{"0":{"loc":{"start":{"line":20,"column":8},"end":{"line":46,"column":9}},"type":"if","locations":[{"start":{"line":20,"column":8},"end":{"line":46,"column":9}},{"start":{"line":20,"column":8},"end":{"line":46,"column":9}}],"line":20},"1":{"loc":{"start":{"line":23,"column":16},"end":{"line":37,"column":17}},"type":"if","locations":[{"start":{"line":23,"column":16},"end":{"line":37,"column":17}},{"start":{"line":23,"column":16},"end":{"line":37,"column":17}}],"line":23}},"s":{"0":1,"1":1,"2":1,"3":2,"4":2,"5":2,"6":2,"7":2,"8":2,"9":2,"10":2,"11":2,"12":2,"13":2,"14":0,"15":0,"16":0,"17":0,"18":0,"19":0},"f":{"0":2,"1":2},"b":{"0":[2,0],"1":[2,0]},"_coverageSchema":"43e27e138ebf9cfc5966b082cf9a028302ed4184","hash":"1a0ac17740ed0be6469a2a610eb2e4044e7ad6e2","contentHash":"0323013a4258da12bb7e6f1805797420b7f2d11f1e611af7c0e487e0efb2b2d9"},"/home/user/FundooNote/server/middleWare/uploadProfile.js":{"path":"/home/user/FundooNote/server/middleWare/uploadProfile.js","statementMap":{"0":{"start":{"line":10,"column":0},"end":{"line":10,"column":26}},"1":{"start":{"line":11,"column":10},"end":{"line":11,"column":28}},"2":{"start":{"line":12,"column":14},"end":{"line":12,"column":32}},"3":{"start":{"line":15,"column":13},"end":{"line":15,"column":30}},"4":{"start":{"line":16,"column":15},"end":{"line":16,"column":35}},"5":{"start":{"line":18,"column":13},"end":{"line":22,"column":1}},"6":{"start":{"line":23,"column":9},"end":{"line":23,"column":27}},"7":{"start":{"line":25,"column":13},"end":{"line":37,"column":2}},"8":{"start":{"line":31,"column":7},"end":{"line":31,"column":43}},"9":{"start":{"line":34,"column":7},"end":{"line":34,"column":44}},"10":{"start":{"line":39,"column":0},"end":{"line":39,"column":22}}},"fnMap":{"0":{"name":"(anonymous_0)","decl":{"start":{"line":30,"column":14},"end":{"line":30,"column":15}},"loc":{"start":{"line":30,"column":45},"end":{"line":32,"column":5}},"line":30},"1":{"name":"(anonymous_1)","decl":{"start":{"line":33,"column":9},"end":{"line":33,"column":10}},"loc":{"start":{"line":33,"column":40},"end":{"line":35,"column":5}},"line":33}},"branchMap":{},"s":{"0":1,"1":1,"2":1,"3":1,"4":1,"5":1,"6":1,"7":1,"8":0,"9":0,"10":1},"f":{"0":0,"1":0},"b":{},"_coverageSchema":"43e27e138ebf9cfc5966b082cf9a028302ed4184","hash":"9f7cbb5cb0eace5065bb71d442a1b9e3aebf7ba3","contentHash":"31af8955071bada1bf298bc59419b39556bf0ffb7b281a92be823f93608048a2"},"/home/user/FundooNote/server/authentication/redisToken.js":{"path":"/home/user/FundooNote/server/authentication/redisToken.js","statementMap":{"0":{"start":{"line":9,"column":12},"end":{"line":9,"column":28}},"1":{"start":{"line":11,"column":13},"end":{"line":11,"column":24}},"2":{"start":{"line":12,"column":0},"end":{"line":44,"column":1}},"3":{"start":{"line":15,"column":12},"end":{"line":15,"column":35}},"4":{"start":{"line":16,"column":15},"end":{"line":16,"column":35}},"5":{"start":{"line":17,"column":2},"end":{"line":17,"column":53}},"6":{"start":{"line":19,"column":2},"end":{"line":43,"column":5}},"7":{"start":{"line":20,"column":4},"end":{"line":23,"column":5}},"8":{"start":{"line":21,"column":6},"end":{"line":21,"column":48}},"9":{"start":{"line":24,"column":4},"end":{"line":42,"column":7}},"10":{"start":{"line":25,"column":6},"end":{"line":41,"column":7}},"11":{"start":{"line":26,"column":8},"end":{"line":37,"column":9}},"12":{"start":{"line":28,"column":10},"end":{"line":28,"column":54}},"13":{"start":{"line":29,"column":10},"end":{"line":29,"column":43}},"14":{"start":{"line":34,"column":10},"end":{"line":34,"column":34}},"15":{"start":{"line":35,"column":10},"end":{"line":35,"column":17}},"16":{"start":{"line":40,"column":8},"end":{"line":40,"column":49}}},"fnMap":{"0":{"name":"(anonymous_0)","decl":{"start":{"line":12,"column":26},"end":{"line":12,"column":27}},"loc":{"start":{"line":12,"column":46},"end":{"line":44,"column":1}},"line":12},"1":{"name":"(anonymous_1)","decl":{"start":{"line":19,"column":33},"end":{"line":19,"column":34}},"loc":{"start":{"line":19,"column":58},"end":{"line":43,"column":3}},"line":19},"2":{"name":"(anonymous_2)","decl":{"start":{"line":24,"column":31},"end":{"line":24,"column":32}},"loc":{"start":{"line":24,"column":57},"end":{"line":42,"column":5}},"line":24}},"branchMap":{"0":{"loc":{"start":{"line":20,"column":4},"end":{"line":23,"column":5}},"type":"if","locations":[{"start":{"line":20,"column":4},"end":{"line":23,"column":5}},{"start":{"line":20,"column":4},"end":{"line":23,"column":5}}],"line":20},"1":{"loc":{"start":{"line":26,"column":8},"end":{"line":37,"column":9}},"type":"if","locations":[{"start":{"line":26,"column":8},"end":{"line":37,"column":9}},{"start":{"line":26,"column":8},"end":{"line":37,"column":9}}],"line":26}},"s":{"0":1,"1":1,"2":1,"3":22,"4":22,"5":22,"6":22,"7":22,"8":0,"9":22,"10":22,"11":22,"12":18,"13":18,"14":4,"15":4,"16":0},"f":{"0":22,"1":22,"2":22},"b":{"0":[0,22],"1":[18,4]},"_coverageSchema":"43e27e138ebf9cfc5966b082cf9a028302ed4184","hash":"fdb1bae19e9a6e1712097dc2adf9af670969cfe2","contentHash":"2c76b0e810f94de7512d793dd445728905ecb3a9f04085595fefc230b6b19571"},"/home/user/FundooNote/server/controller/noteController.js":{"path":"/home/user/FundooNote/server/controller/noteController.js","statementMap":{"0":{"start":{"line":10,"column":18},"end":{"line":10,"column":51}},"1":{"start":{"line":11,"column":17},"end":{"line":11,"column":78}},"2":{"start":{"line":17,"column":0},"end":{"line":90,"column":1}},"3":{"start":{"line":20,"column":2},"end":{"line":89,"column":3}},"4":{"start":{"line":35,"column":4},"end":{"line":46,"column":5}},"5":{"start":{"line":51,"column":4},"end":{"line":51,"column":35}},"6":{"start":{"line":52,"column":4},"end":{"line":81,"column":6}},"7":{"start":{"line":55,"column":21},"end":{"line":55,"column":23}},"8":{"start":{"line":61,"column":6},"end":{"line":80,"column":7}},"9":{"start":{"line":63,"column":8},"end":{"line":63,"column":33}},"10":{"start":{"line":64,"column":8},"end":{"line":64,"column":34}},"11":{"start":{"line":65,"column":8},"end":{"line":65,"column":27}},"12":{"start":{"line":67,"column":8},"end":{"line":67,"column":39}},"13":{"start":{"line":68,"column":8},"end":{"line":68,"column":45}},"14":{"start":{"line":74,"column":8},"end":{"line":74,"column":32}},"15":{"start":{"line":75,"column":8},"end":{"line":75,"column":45}},"16":{"start":{"line":77,"column":8},"end":{"line":77,"column":30}},"17":{"start":{"line":79,"column":8},"end":{"line":79,"column":38}},"18":{"start":{"line":86,"column":4},"end":{"line":86,"column":50}},"19":{"start":{"line":88,"column":4},"end":{"line":88,"column":18}},"20":{"start":{"line":96,"column":0},"end":{"line":132,"column":1}},"21":{"start":{"line":97,"column":2},"end":{"line":131,"column":3}},"22":{"start":{"line":99,"column":4},"end":{"line":99,"column":69}},"23":{"start":{"line":102,"column":20},"end":{"line":105,"column":5}},"24":{"start":{"line":106,"column":19},"end":{"line":106,"column":21}},"25":{"start":{"line":107,"column":4},"end":{"line":124,"column":6}},"26":{"start":{"line":108,"column":6},"end":{"line":123,"column":7}},"27":{"start":{"line":110,"column":8},"end":{"line":110,"column":33}},"28":{"start":{"line":111,"column":8},"end":{"line":111,"column":34}},"29":{"start":{"line":112,"column":8},"end":{"line":112,"column":27}},"30":{"start":{"line":113,"column":8},"end":{"line":113,"column":39}},"31":{"start":{"line":117,"column":8},"end":{"line":117,"column":32}},"32":{"start":{"line":118,"column":8},"end":{"line":118,"column":39}},"33":{"start":{"line":119,"column":8},"end":{"line":119,"column":30}},"34":{"start":{"line":120,"column":8},"end":{"line":120,"column":39}},"35":{"start":{"line":121,"column":8},"end":{"line":121,"column":45}},"36":{"start":{"line":128,"column":4},"end":{"line":128,"column":18}},"37":{"start":{"line":129,"column":4},"end":{"line":129,"column":49}},"38":{"start":{"line":137,"column":0},"end":{"line":175,"column":1}},"39":{"start":{"line":138,"column":2},"end":{"line":138,"column":40}},"40":{"start":{"line":140,"column":2},"end":{"line":174,"column":3}},"41":{"start":{"line":143,"column":4},"end":{"line":143,"column":72}},"42":{"start":{"line":146,"column":23},"end":{"line":149,"column":5}},"43":{"start":{"line":150,"column":19},"end":{"line":150,"column":21}},"44":{"start":{"line":152,"column":4},"end":{"line":169,"column":6}},"45":{"start":{"line":153,"column":6},"end":{"line":168,"column":7}},"46":{"start":{"line":155,"column":8},"end":{"line":155,"column":33}},"47":{"start":{"line":156,"column":8},"end":{"line":156,"column":34}},"48":{"start":{"line":157,"column":8},"end":{"line":157,"column":27}},"49":{"start":{"line":158,"column":8},"end":{"line":158,"column":39}},"50":{"start":{"line":162,"column":8},"end":{"line":162,"column":32}},"51":{"start":{"line":163,"column":8},"end":{"line":163,"column":42}},"52":{"start":{"line":164,"column":8},"end":{"line":164,"column":31}},"53":{"start":{"line":165,"column":8},"end":{"line":165,"column":39}},"54":{"start":{"line":166,"column":8},"end":{"line":166,"column":45}},"55":{"start":{"line":173,"column":4},"end":{"line":173,"column":18}},"56":{"start":{"line":181,"column":0},"end":{"line":215,"column":1}},"57":{"start":{"line":182,"column":2},"end":{"line":214,"column":3}},"58":{"start":{"line":183,"column":23},"end":{"line":186,"column":5}},"59":{"start":{"line":187,"column":19},"end":{"line":187,"column":21}},"60":{"start":{"line":189,"column":4},"end":{"line":208,"column":6}},"61":{"start":{"line":190,"column":6},"end":{"line":207,"column":7}},"62":{"start":{"line":193,"column":8},"end":{"line":193,"column":33}},"63":{"start":{"line":194,"column":8},"end":{"line":194,"column":34}},"64":{"start":{"line":195,"column":8},"end":{"line":195,"column":27}},"65":{"start":{"line":196,"column":8},"end":{"line":196,"column":39}},"66":{"start":{"line":201,"column":8},"end":{"line":201,"column":32}},"67":{"start":{"line":202,"column":8},"end":{"line":202,"column":42}},"68":{"start":{"line":203,"column":8},"end":{"line":203,"column":31}},"69":{"start":{"line":204,"column":8},"end":{"line":204,"column":39}},"70":{"start":{"line":205,"column":8},"end":{"line":205,"column":45}},"71":{"start":{"line":213,"column":4},"end":{"line":213,"column":18}},"72":{"start":{"line":220,"column":0},"end":{"line":277,"column":1}},"73":{"start":{"line":221,"column":2},"end":{"line":276,"column":3}},"74":{"start":{"line":225,"column":4},"end":{"line":225,"column":71}},"75":{"start":{"line":228,"column":4},"end":{"line":228,"column":67}},"76":{"start":{"line":231,"column":4},"end":{"line":231,"column":59}},"77":{"start":{"line":234,"column":4},"end":{"line":234,"column":67}},"78":{"start":{"line":236,"column":19},"end":{"line":236,"column":21}},"79":{"start":{"line":237,"column":21},"end":{"line":244,"column":5}},"80":{"start":{"line":247,"column":4},"end":{"line":270,"column":6}},"81":{"start":{"line":250,"column":6},"end":{"line":269,"column":7}},"82":{"start":{"line":253,"column":8},"end":{"line":253,"column":46}},"83":{"start":{"line":254,"column":8},"end":{"line":254,"column":33}},"84":{"start":{"line":255,"column":8},"end":{"line":255,"column":34}},"85":{"start":{"line":256,"column":8},"end":{"line":256,"column":29}},"86":{"start":{"line":257,"column":8},"end":{"line":257,"column":34}},"87":{"start":{"line":263,"column":8},"end":{"line":263,"column":32}},"88":{"start":{"line":264,"column":8},"end":{"line":264,"column":55}},"89":{"start":{"line":265,"column":8},"end":{"line":265,"column":31}},"90":{"start":{"line":266,"column":8},"end":{"line":266,"column":39}},"91":{"start":{"line":267,"column":8},"end":{"line":267,"column":45}},"92":{"start":{"line":275,"column":4},"end":{"line":275,"column":18}},"93":{"start":{"line":283,"column":0},"end":{"line":322,"column":1}},"94":{"start":{"line":284,"column":2},"end":{"line":321,"column":3}},"95":{"start":{"line":285,"column":19},"end":{"line":285,"column":21}},"96":{"start":{"line":286,"column":20},"end":{"line":295,"column":5}},"97":{"start":{"line":296,"column":4},"end":{"line":314,"column":6}},"98":{"start":{"line":297,"column":6},"end":{"line":313,"column":7}},"99":{"start":{"line":299,"column":8},"end":{"line":299,"column":33}},"100":{"start":{"line":300,"column":8},"end":{"line":300,"column":52}},"101":{"start":{"line":301,"column":8},"end":{"line":301,"column":29}},"102":{"start":{"line":302,"column":8},"end":{"line":302,"column":39}},"103":{"start":{"line":307,"column":8},"end":{"line":307,"column":32}},"104":{"start":{"line":308,"column":8},"end":{"line":308,"column":61}},"105":{"start":{"line":309,"column":8},"end":{"line":309,"column":29}},"106":{"start":{"line":310,"column":8},"end":{"line":310,"column":39}},"107":{"start":{"line":311,"column":8},"end":{"line":311,"column":45}},"108":{"start":{"line":318,"column":4},"end":{"line":318,"column":18}},"109":{"start":{"line":319,"column":4},"end":{"line":319,"column":55}},"110":{"start":{"line":327,"column":0},"end":{"line":365,"column":1}},"111":{"start":{"line":328,"column":2},"end":{"line":364,"column":3}},"112":{"start":{"line":329,"column":19},"end":{"line":329,"column":21}},"113":{"start":{"line":330,"column":23},"end":{"line":339,"column":5}},"114":{"start":{"line":340,"column":4},"end":{"line":357,"column":6}},"115":{"start":{"line":341,"column":6},"end":{"line":356,"column":7}},"116":{"start":{"line":343,"column":8},"end":{"line":343,"column":33}},"117":{"start":{"line":344,"column":8},"end":{"line":344,"column":29}},"118":{"start":{"line":345,"column":8},"end":{"line":345,"column":50}},"119":{"start":{"line":346,"column":8},"end":{"line":346,"column":39}},"120":{"start":{"line":350,"column":8},"end":{"line":350,"column":32}},"121":{"start":{"line":351,"column":8},"end":{"line":351,"column":60}},"122":{"start":{"line":352,"column":8},"end":{"line":352,"column":31}},"123":{"start":{"line":353,"column":8},"end":{"line":353,"column":39}},"124":{"start":{"line":354,"column":8},"end":{"line":354,"column":45}},"125":{"start":{"line":361,"column":4},"end":{"line":361,"column":58}},"126":{"start":{"line":363,"column":4},"end":{"line":363,"column":17}}},"fnMap":{"0":{"name":"(anonymous_0)","decl":{"start":{"line":17,"column":28},"end":{"line":17,"column":29}},"loc":{"start":{"line":17,"column":42},"end":{"line":90,"column":1}},"line":17},"1":{"name":"(anonymous_1)","decl":{"start":{"line":52,"column":54},"end":{"line":52,"column":55}},"loc":{"start":{"line":52,"column":71},"end":{"line":81,"column":5}},"line":52},"2":{"name":"(anonymous_2)","decl":{"start":{"line":96,"column":27},"end":{"line":96,"column":28}},"loc":{"start":{"line":96,"column":41},"end":{"line":132,"column":1}},"line":96},"3":{"name":"(anonymous_3)","decl":{"start":{"line":107,"column":48},"end":{"line":107,"column":49}},"loc":{"start":{"line":107,"column":65},"end":{"line":124,"column":5}},"line":107},"4":{"name":"(anonymous_4)","decl":{"start":{"line":137,"column":30},"end":{"line":137,"column":31}},"loc":{"start":{"line":137,"column":44},"end":{"line":175,"column":1}},"line":137},"5":{"name":"(anonymous_5)","decl":{"start":{"line":152,"column":54},"end":{"line":152,"column":55}},"loc":{"start":{"line":152,"column":71},"end":{"line":169,"column":5}},"line":152},"6":{"name":"(anonymous_6)","decl":{"start":{"line":181,"column":30},"end":{"line":181,"column":31}},"loc":{"start":{"line":181,"column":44},"end":{"line":215,"column":1}},"line":181},"7":{"name":"(anonymous_7)","decl":{"start":{"line":189,"column":54},"end":{"line":189,"column":55}},"loc":{"start":{"line":189,"column":71},"end":{"line":208,"column":5}},"line":189},"8":{"name":"(anonymous_8)","decl":{"start":{"line":220,"column":28},"end":{"line":220,"column":29}},"loc":{"start":{"line":220,"column":42},"end":{"line":277,"column":1}},"line":220},"9":{"name":"(anonymous_9)","decl":{"start":{"line":247,"column":50},"end":{"line":247,"column":51}},"loc":{"start":{"line":247,"column":67},"end":{"line":270,"column":5}},"line":247},"10":{"name":"(anonymous_10)","decl":{"start":{"line":283,"column":33},"end":{"line":283,"column":34}},"loc":{"start":{"line":283,"column":47},"end":{"line":322,"column":1}},"line":283},"11":{"name":"(anonymous_11)","decl":{"start":{"line":296,"column":54},"end":{"line":296,"column":55}},"loc":{"start":{"line":296,"column":69},"end":{"line":314,"column":5}},"line":296},"12":{"name":"(anonymous_12)","decl":{"start":{"line":327,"column":36},"end":{"line":327,"column":37}},"loc":{"start":{"line":327,"column":50},"end":{"line":365,"column":1}},"line":327},"13":{"name":"(anonymous_13)","decl":{"start":{"line":340,"column":60},"end":{"line":340,"column":61}},"loc":{"start":{"line":340,"column":77},"end":{"line":357,"column":5}},"line":340}},"branchMap":{"0":{"loc":{"start":{"line":61,"column":6},"end":{"line":80,"column":7}},"type":"if","locations":[{"start":{"line":61,"column":6},"end":{"line":80,"column":7}},{"start":{"line":61,"column":6},"end":{"line":80,"column":7}}],"line":61},"1":{"loc":{"start":{"line":108,"column":6},"end":{"line":123,"column":7}},"type":"if","locations":[{"start":{"line":108,"column":6},"end":{"line":123,"column":7}},{"start":{"line":108,"column":6},"end":{"line":123,"column":7}}],"line":108},"2":{"loc":{"start":{"line":153,"column":6},"end":{"line":168,"column":7}},"type":"if","locations":[{"start":{"line":153,"column":6},"end":{"line":168,"column":7}},{"start":{"line":153,"column":6},"end":{"line":168,"column":7}}],"line":153},"3":{"loc":{"start":{"line":190,"column":6},"end":{"line":207,"column":7}},"type":"if","locations":[{"start":{"line":190,"column":6},"end":{"line":207,"column":7}},{"start":{"line":190,"column":6},"end":{"line":207,"column":7}}],"line":190},"4":{"loc":{"start":{"line":250,"column":6},"end":{"line":269,"column":7}},"type":"if","locations":[{"start":{"line":250,"column":6},"end":{"line":269,"column":7}},{"start":{"line":250,"column":6},"end":{"line":269,"column":7}}],"line":250},"5":{"loc":{"start":{"line":297,"column":6},"end":{"line":313,"column":7}},"type":"if","locations":[{"start":{"line":297,"column":6},"end":{"line":313,"column":7}},{"start":{"line":297,"column":6},"end":{"line":313,"column":7}}],"line":297},"6":{"loc":{"start":{"line":341,"column":6},"end":{"line":356,"column":7}},"type":"if","locations":[{"start":{"line":341,"column":6},"end":{"line":356,"column":7}},{"start":{"line":341,"column":6},"end":{"line":356,"column":7}}],"line":341}},"s":{"0":1,"1":1,"2":1,"3":3,"4":3,"5":3,"6":3,"7":3,"8":3,"9":3,"10":3,"11":3,"12":3,"13":3,"14":0,"15":0,"16":0,"17":0,"18":0,"19":0,"20":1,"21":1,"22":1,"23":1,"24":1,"25":1,"26":1,"27":1,"28":1,"29":1,"30":1,"31":0,"32":0,"33":0,"34":0,"35":0,"36":0,"37":0,"38":1,"39":0,"40":0,"41":0,"42":0,"43":0,"44":0,"45":0,"46":0,"47":0,"48":0,"49":0,"50":0,"51":0,"52":0,"53":0,"54":0,"55":0,"56":1,"57":0,"58":0,"59":0,"60":0,"61":0,"62":0,"63":0,"64":0,"65":0,"66":0,"67":0,"68":0,"69":0,"70":0,"71":0,"72":1,"73":0,"74":0,"75":0,"76":0,"77":0,"78":0,"79":0,"80":0,"81":0,"82":0,"83":0,"84":0,"85":0,"86":0,"87":0,"88":0,"89":0,"90":0,"91":0,"92":0,"93":1,"94":0,"95":0,"96":0,"97":0,"98":0,"99":0,"100":0,"101":0,"102":0,"103":0,"104":0,"105":0,"106":0,"107":0,"108":0,"109":0,"110":1,"111":0,"112":0,"113":0,"114":0,"115":0,"116":0,"117":0,"118":0,"119":0,"120":0,"121":0,"122":0,"123":0,"124":0,"125":0,"126":0},"f":{"0":3,"1":3,"2":1,"3":1,"4":0,"5":0,"6":0,"7":0,"8":0,"9":0,"10":0,"11":0,"12":0,"13":0},"b":{"0":[3,0],"1":[1,0],"2":[0,0],"3":[0,0],"4":[0,0],"5":[0,0],"6":[0,0]},"_coverageSchema":"43e27e138ebf9cfc5966b082cf9a028302ed4184","hash":"f09caaf5b95707b421b422a2c40e9d1f73195fbc","contentHash":"eeb6a40b9456424f590685bb558d1ea4486e4f56cdb28fac20096a281830c8fd"},"/home/user/FundooNote/server/service/noteService.js":{"path":"/home/user/FundooNote/server/service/noteService.js","statementMap":{"0":{"start":{"line":10,"column":16},"end":{"line":10,"column":45}},"1":{"start":{"line":15,"column":8},"end":{"line":35,"column":9}},"2":{"start":{"line":17,"column":12},"end":{"line":29,"column":14}},"3":{"start":{"line":18,"column":16},"end":{"line":28,"column":17}},"4":{"start":{"line":20,"column":20},"end":{"line":20,"column":69}},"5":{"start":{"line":21,"column":20},"end":{"line":21,"column":34}},"6":{"start":{"line":26,"column":20},"end":{"line":26,"column":77}},"7":{"start":{"line":27,"column":20},"end":{"line":27,"column":42}},"8":{"start":{"line":33,"column":12},"end":{"line":33,"column":63}},"9":{"start":{"line":34,"column":12},"end":{"line":34,"column":25}},"10":{"start":{"line":39,"column":8},"end":{"line":63,"column":9}},"11":{"start":{"line":42,"column":28},"end":{"line":45,"column":13}},"12":{"start":{"line":46,"column":12},"end":{"line":46,"column":44}},"13":{"start":{"line":47,"column":12},"end":{"line":57,"column":14}},"14":{"start":{"line":48,"column":16},"end":{"line":56,"column":17}},"15":{"start":{"line":50,"column":20},"end":{"line":50,"column":50}},"16":{"start":{"line":51,"column":20},"end":{"line":51,"column":34}},"17":{"start":{"line":55,"column":20},"end":{"line":55,"column":42}},"18":{"start":{"line":61,"column":12},"end":{"line":61,"column":64}},"19":{"start":{"line":62,"column":12},"end":{"line":62,"column":26}},"20":{"start":{"line":68,"column":8},"end":{"line":93,"column":9}},"21":{"start":{"line":69,"column":31},"end":{"line":72,"column":13}},"22":{"start":{"line":73,"column":12},"end":{"line":87,"column":14}},"23":{"start":{"line":74,"column":16},"end":{"line":74,"column":69}},"24":{"start":{"line":76,"column":16},"end":{"line":86,"column":17}},"25":{"start":{"line":78,"column":20},"end":{"line":78,"column":71}},"26":{"start":{"line":79,"column":20},"end":{"line":79,"column":34}},"27":{"start":{"line":84,"column":20},"end":{"line":84,"column":75}},"28":{"start":{"line":85,"column":20},"end":{"line":85,"column":42}},"29":{"start":{"line":91,"column":12},"end":{"line":91,"column":61}},"30":{"start":{"line":92,"column":12},"end":{"line":92,"column":25}},"31":{"start":{"line":97,"column":8},"end":{"line":120,"column":9}},"32":{"start":{"line":98,"column":31},"end":{"line":101,"column":13}},"33":{"start":{"line":102,"column":12},"end":{"line":114,"column":14}},"34":{"start":{"line":103,"column":16},"end":{"line":113,"column":17}},"35":{"start":{"line":105,"column":20},"end":{"line":105,"column":71}},"36":{"start":{"line":106,"column":20},"end":{"line":106,"column":34}},"37":{"start":{"line":111,"column":20},"end":{"line":111,"column":75}},"38":{"start":{"line":112,"column":20},"end":{"line":112,"column":42}},"39":{"start":{"line":118,"column":12},"end":{"line":118,"column":61}},"40":{"start":{"line":119,"column":12},"end":{"line":119,"column":25}},"41":{"start":{"line":127,"column":25},"end":{"line":135,"column":9}},"42":{"start":{"line":137,"column":8},"end":{"line":156,"column":9}},"43":{"start":{"line":138,"column":12},"end":{"line":150,"column":14}},"44":{"start":{"line":139,"column":16},"end":{"line":149,"column":17}},"45":{"start":{"line":141,"column":20},"end":{"line":141,"column":69}},"46":{"start":{"line":142,"column":20},"end":{"line":142,"column":34}},"47":{"start":{"line":147,"column":20},"end":{"line":147,"column":73}},"48":{"start":{"line":148,"column":20},"end":{"line":148,"column":42}},"49":{"start":{"line":154,"column":12},"end":{"line":154,"column":59}},"50":{"start":{"line":155,"column":12},"end":{"line":155,"column":25}},"51":{"start":{"line":161,"column":8},"end":{"line":182,"column":9}},"52":{"start":{"line":162,"column":28},"end":{"line":164,"column":13}},"53":{"start":{"line":165,"column":12},"end":{"line":176,"column":14}},"54":{"start":{"line":166,"column":16},"end":{"line":175,"column":17}},"55":{"start":{"line":168,"column":20},"end":{"line":168,"column":65}},"56":{"start":{"line":169,"column":20},"end":{"line":169,"column":34}},"57":{"start":{"line":173,"column":20},"end":{"line":173,"column":69}},"58":{"start":{"line":174,"column":20},"end":{"line":174,"column":42}},"59":{"start":{"line":180,"column":12},"end":{"line":180,"column":75}},"60":{"start":{"line":181,"column":12},"end":{"line":181,"column":26}},"61":{"start":{"line":186,"column":8},"end":{"line":207,"column":9}},"62":{"start":{"line":187,"column":31},"end":{"line":189,"column":13}},"63":{"start":{"line":190,"column":12},"end":{"line":201,"column":14}},"64":{"start":{"line":191,"column":16},"end":{"line":200,"column":17}},"65":{"start":{"line":193,"column":20},"end":{"line":193,"column":65}},"66":{"start":{"line":194,"column":20},"end":{"line":194,"column":34}},"67":{"start":{"line":198,"column":20},"end":{"line":198,"column":70}},"68":{"start":{"line":199,"column":20},"end":{"line":199,"column":42}},"69":{"start":{"line":205,"column":12},"end":{"line":205,"column":61}},"70":{"start":{"line":206,"column":12},"end":{"line":206,"column":26}},"71":{"start":{"line":212,"column":17},"end":{"line":212,"column":34}},"72":{"start":{"line":213,"column":0},"end":{"line":213,"column":28}}},"fnMap":{"0":{"name":"(anonymous_0)","decl":{"start":{"line":13,"column":4},"end":{"line":13,"column":5}},"loc":{"start":{"line":13,"column":18},"end":{"line":13,"column":21}},"line":13},"1":{"name":"(anonymous_1)","decl":{"start":{"line":14,"column":4},"end":{"line":14,"column":5}},"loc":{"start":{"line":14,"column":42},"end":{"line":36,"column":5}},"line":14},"2":{"name":"(anonymous_2)","decl":{"start":{"line":17,"column":39},"end":{"line":17,"column":40}},"loc":{"start":{"line":17,"column":56},"end":{"line":29,"column":13}},"line":17},"3":{"name":"(anonymous_3)","decl":{"start":{"line":38,"column":4},"end":{"line":38,"column":5}},"loc":{"start":{"line":38,"column":40},"end":{"line":64,"column":5}},"line":38},"4":{"name":"(anonymous_4)","decl":{"start":{"line":47,"column":45},"end":{"line":47,"column":46}},"loc":{"start":{"line":47,"column":62},"end":{"line":57,"column":13}},"lin
[...]
":{"line":33,"column":61}},"9":{"start":{"line":34,"column":12},"end":{"line":34,"column":25}},"10":{"start":{"line":40,"column":8},"end":{"line":61,"column":9}},"11":{"start":{"line":43,"column":12},"end":{"line":55,"column":14}},"12":{"start":{"line":44,"column":16},"end":{"line":54,"column":17}},"13":{"start":{"line":46,"column":20},"end":{"line":46,"column":65}},"14":{"start":{"line":47,"column":20},"end":{"line":47,"column":34}},"15":{"start":{"line":52,"column":20},"end":{"line":52,"column":70}},"16":{"start":{"line":53,"column":20},"end":{"line":53,"column":42}},"17":{"start":{"line":59,"column":12},"end":{"line":59,"column":56}},"18":{"start":{"line":60,"column":12},"end":{"line":60,"column":25}},"19":{"start":{"line":66,"column":8},"end":{"line":94,"column":9}},"20":{"start":{"line":67,"column":12},"end":{"line":67,"column":50}},"21":{"start":{"line":72,"column":12},"end":{"line":87,"column":14}},"22":{"start":{"line":73,"column":16},"end":{"line":86,"column":17}},"23":{"start":{"line":75,"column":20},"end":{"line":75,"column":69}},"24":{"start":{"line":76,"column":20},"end":{"line":76,"column":34}},"25":{"start":{"line":82,"column":20},"end":{"line":82,"column":74}},"26":{"start":{"line":83,"column":20},"end":{"line":83,"column":43}},"27":{"start":{"line":91,"column":12},"end":{"line":91,"column":26}},"28":{"start":{"line":92,"column":12},"end":{"line":92,"column":59}},"29":{"start":{"line":98,"column":8},"end":{"line":120,"column":9}},"30":{"start":{"line":99,"column":23},"end":{"line":101,"column":13}},"31":{"start":{"line":102,"column":12},"end":{"line":114,"column":14}},"32":{"start":{"line":103,"column":16},"end":{"line":113,"column":17}},"33":{"start":{"line":105,"column":20},"end":{"line":105,"column":69}},"34":{"start":{"line":106,"column":20},"end":{"line":106,"column":34}},"35":{"start":{"line":110,"column":20},"end":{"line":110,"column":73}},"36":{"start":{"line":111,"column":20},"end":{"line":111,"column":42}},"37":{"start":{"line":118,"column":12},"end":{"line":118,"column":59}},"38":{"start":{"line":119,"column":12},"end":{"line":119,"column":26}},"39":{"start":{"line":124,"column":8},"end":{"line":144,"column":9}},"40":{"start":{"line":126,"column":12},"end":{"line":138,"column":14}},"41":{"start":{"line":127,"column":16},"end":{"line":137,"column":17}},"42":{"start":{"line":129,"column":20},"end":{"line":129,"column":72}},"43":{"start":{"line":130,"column":20},"end":{"line":130,"column":34}},"44":{"start":{"line":134,"column":20},"end":{"line":134,"column":76}},"45":{"start":{"line":135,"column":20},"end":{"line":135,"column":42}},"46":{"start":{"line":142,"column":12},"end":{"line":142,"column":62}},"47":{"start":{"line":143,"column":12},"end":{"line":143,"column":26}},"48":{"start":{"line":147,"column":8},"end":{"line":167,"column":9}},"49":{"start":{"line":149,"column":12},"end":{"line":161,"column":14}},"50":{"start":{"line":150,"column":16},"end":{"line":160,"column":17}},"51":{"start":{"line":152,"column":20},"end":{"line":152,"column":77}},"52":{"start":{"line":153,"column":20},"end":{"line":153,"column":34}},"53":{"start":{"line":157,"column":20},"end":{"line":157,"column":81}},"54":{"start":{"line":158,"column":20},"end":{"line":158,"column":42}},"55":{"start":{"line":165,"column":12},"end":{"line":165,"column":59}},"56":{"start":{"line":166,"column":12},"end":{"line":166,"column":26}},"57":{"start":{"line":171,"column":18},"end":{"line":171,"column":36}},"58":{"start":{"line":172,"column":0},"end":{"line":172,"column":29}}},"fnMap":{"0":{"name":"(anonymous_0)","decl":{"start":{"line":13,"column":4},"end":{"line":13,"column":5}},"loc":{"start":{"line":13,"column":18},"end":{"line":13,"column":21}},"line":13},"1":{"name":"(anonymous_1)","decl":{"start":{"line":14,"column":4},"end":{"line":14,"column":5}},"loc":{"start":{"line":14,"column":44},"end":{"line":36,"column":5}},"line":14},"2":{"name":"(anonymous_2)","decl":{"start":{"line":17,"column":41},"end":{"line":17,"column":42}},"loc":{"start":{"line":17,"column":58},"end":{"line":29,"column":13}},"line":17},"3":{"name":"(anonymous_3)","decl":{"start":{"line":39,"column":4},"end":{"line":39,"column":5}},"loc":{"start":{"line":39,"column":41},"end":{"line":62,"column":5}},"line":39},"4":{"name":"(anonymous_4)","decl":{"start":{"line":43,"column":38},"end":{"line":43,"column":39}},"loc":{"start":{"line":43,"column":55},"end":{"line":55,"column":13}},"line":43},"5":{"name":"(anonymous_5)","decl":{"start":{"line":65,"column":4},"end":{"line":65,"column":5}},"loc":{"start":{"line":65,"column":44},"end":{"line":95,"column":5}},"line":65},"6":{"name":"(anonymous_6)","decl":{"start":{"line":72,"column":41},"end":{"line":72,"column":42}},"loc":{"start":{"line":72,"column":58},"end":{"line":87,"column":13}},"line":72},"7":{"name":"(anonymous_7)","decl":{"start":{"line":97,"column":4},"end":{"line":97,"column":5}},"loc":{"start":{"line":97,"column":44},"end":{"line":121,"column":5}},"line":97},"8":{"name":"(anonymous_8)","decl":{"start":{"line":102,"column":47},"end":{"line":102,"column":48}},"loc":{"start":{"line":102,"column":64},"end":{"line":114,"column":13}},"line":102},"9":{"name":"(anonymous_9)","decl":{"start":{"line":123,"column":4},"end":{"line":123,"column":5}},"loc":{"start":{"line":123,"column":47},"end":{"line":145,"column":5}},"line":123},"10":{"name":"(anonymous_10)","decl":{"start":{"line":126,"column":41},"end":{"line":126,"column":42}},"loc":{"start":{"line":126,"column":58},"end":{"line":138,"column":13}},"line":126},"11":{"name":"(anonymous_11)","decl":{"start":{"line":146,"column":4},"end":{"line":146,"column":5}},"loc":{"start":{"line":146,"column":52},"end":{"line":168,"column":5}},"line":146},"12":{"name":"(anonymous_12)","decl":{"start":{"line":149,"column":41},"end":{"line":149,"column":42}},"loc":{"start":{"line":149,"column":58},"end":{"line":161,"column":13}},"line":149}},"branchMap":{"0":{"loc":{"start":{"line":18,"column":16},"end":{"line":28,"column":17}},"type":"if","locations":[{"start":{"line":18,"column":16},"end":{"line":28,"column":17}},{"start":{"line":18,"column":16},"end":{"line":28,"column":17}}],"line":18},"1":{"loc":{"start":{"line":44,"column":16},"end":{"line":54,"column":17}},"type":"if","locations":[{"start":{"line":44,"column":16},"end":{"line":54,"column":17}},{"start":{"line":44,"column":16},"end":{"line":54,"column":17}}],"line":44},"2":{"loc":{"start":{"line":73,"column":16},"end":{"line":86,"column":17}},"type":"if","locations":[{"start":{"line":73,"column":16},"end":{"line":86,"column":17}},{"start":{"line":73,"column":16},"end":{"line":86,"column":17}}],"line":73},"3":{"loc":{"start":{"line":103,"column":16},"end":{"line":113,"column":17}},"type":"if","locations":[{"start":{"line":103,"column":16},"end":{"line":113,"column":17}},{"start":{"line":103,"column":16},"end":{"line":113,"column":17}}],"line":103},"4":{"loc":{"start":{"line":127,"column":16},"end":{"line":137,"column":17}},"type":"if","locations":[{"start":{"line":127,"column":16},"end":{"line":137,"column":17}},{"start":{"line":127,"column":16},"end":{"line":137,"column":17}}],"line":127},"5":{"loc":{"start":{"line":150,"column":16},"end":{"line":160,"column":17}},"type":"if","locations":[{"start":{"line":150,"column":16},"end":{"line":160,"column":17}},{"start":{"line":150,"column":16},"end":{"line":160,"column":17}}],"line":150}},"s":{"0":1,"1":0,"2":0,"3":0,"4":0,"5":0,"6":0,"7":0,"8":0,"9":0,"10":0,"11":0,"12":0,"13":0,"14":0,"15":0,"16":0,"17":0,"18":0,"19":0,"20":0,"21":0,"22":0,"23":0,"24":0,"25":0,"26":0,"27":0,"28":0,"29":0,"30":0,"31":0,"32":0,"33":0,"34":0,"35":0,"36":0,"37":0,"38":0,"39":0,"40":0,"41":0,"42":0,"43":0,"44":0,"45":0,"46":0,"47":0,"48":0,"49":0,"50":0,"51":0,"52":0,"53":0,"54":0,"55":0,"56":0,"57":1,"58":1},"f":{"0":1,"1":0,"2":0,"3":0,"4":0,"5":0,"6":0,"7":0,"8":0,"9":0,"10":0,"11":0,"12":0},"b":{"0":[0,0],"1":[0,0],"2":[0,0],"3":[0,0],"4":[0,0],"5":[0,0]},"_coverageSchema":"43e27e138ebf9cfc5966b082cf9a028302ed4184","hash":"421ba77554b61d29b6f0520848f659284f3bb2fd","contentHash":"732aa4af3ba4c327987da9222f55ce173c3ffcaac43c4a1ea5dd6a6d7a081a15"},"/home/user/FundooNote/server/model/labelModel.js":{"path":"/home/user/FundooNote/server/model/labelModel.js","statementMap":{"0":{"start":{"line":11,"column":17},"end":{"line":11,"column":36}},"1":{"start":{"line":12,"column":21},"end":{"line":12,"column":36}},"2":{"start":{"line":13,"column":15},"end":{"line":13,"column":44}},"3":{"start":{"line":16,"column":22},"end":{"line":23,"column":1}},"4":{"start":{"line":24,"column":15},"end":{"line":48,"column":2}},"5":{"start":{"line":49,"column":20},"end":{"line":49,"column":61}},"6":{"start":{"line":53,"column":8},"end":{"line":74,"column":9}},"7":{"start":{"line":55,"column":29},"end":{"line":55,"column":51}},"8":{"start":{"line":56,"column":12},"end":{"line":65,"column":14}},"9":{"start":{"line":57,"column":16},"end":{"line":64,"column":17}},"10":{"start":{"line":58,"column":20},"end":{"line":58,"column":68}},"11":{"start":{"line":59,"column":20},"end":{"line":59,"column":33}},"12":{"start":{"line":62,"column":20},"end":{"line":62,"column":49}},"13":{"start":{"line":63,"column":20},"end":{"line":63,"column":40}},"14":{"start":{"line":71,"column":12},"end":{"line":71,"column":59}},"15":{"start":{"line":73,"column":12},"end":{"line":73,"column":26}},"16":{"start":{"line":79,"column":8},"end":{"line":103,"column":9}},"17":{"start":{"line":80,"column":12},"end":{"line":80,"column":42}},"18":{"start":{"line":84,"column":25},"end":{"line":84,"column":74}},"19":{"start":{"line":86,"column":12},"end":{"line":95,"column":13}},"20":{"start":{"line":88,"column":16},"end":{"line":88,"column":59}},"21":{"start":{"line":89,"column":16},"end":{"line":89,"column":30}},"22":{"start":{"line":91,"column":17},"end":{"line":95,"column":13}},"23":{"start":{"line":93,"column":16},"end":{"line":93,"column":66}},"24":{"start":{"line":94,"column":16},"end":{"line":94,"column":38}},"25":{"start":{"line":101,"column":12},"end":{"line":101,"column":68}},"26":{"start":{"line":102,"column":12},"end":{"line":102,"column":31}},"27":{"start":{"line":107,"column":8},"end":{"line":140,"column":9}},"28":{"start":{"line":108,"column":12},"end":{"line":108,"column":48}},"29":{"start":{"line":109,"column":12},"end":{"line":120,"column":14}},"30":{"start":{"line":110,"column":16},"end":{"line":119,"column":17}},"31":{"start":{"line":112,"column":20},"end":{"line":112,"column":57}},"32":{"start":{"line":122,"column":12},"end":{"line":135,"column":17}},"33":{"start":{"line":124,"column":20},"end":{"line":134,"column":21}},"34":{"start":{"line":126,"column":24},"end":{"line":126,"column":65}},"35":{"start":{"line":128,"column":24},"end":{"line":128,"column":37}},"36":{"start":{"line":132,"column":24},"end":{"line":132,"column":66}},"37":{"start":{"line":133,"column":24},"end":{"line":133,"column":43}},"38":{"start":{"line":138,"column":12},"end":{"line":138,"column":26}},"39":{"start":{"line":139,"column":12},"end":{"line":139,"column":59}},"40":{"start":{"line":145,"column":8},"end":{"line":179,"column":9}},"41":{"start":{"line":146,"column":12},"end":{"line":146,"column":48}},"42":{"start":{"line":147,"column":12},"end":{"line":156,"column":14}},"43":{"start":{"line":148,"column":16},"end":{"line":155,"column":17}},"44":{"start":{"line":150,"column":20},"end":{"line":150,"column":57}},"45":{"start":{"line":158,"column":12},"end":{"line":171,"column":18}},"46":{"start":{"line":160,"column":20},"end":{"line":170,"column":21}},"47":{"start":{"line":162,"column":24},"end":{"line":162,"column":65}},"48":{"start":{"line":164,"column":24},"end":{"line":164,"column":37}},"49":{"start":{"line":169,"column":24},"end":{"line":169,"column":51}},"50":{"start":{"line":175,"column":12},"end":{"line":175,"column":26}},"51":{"start":{"line":176,"column":12},"end":{"line":176,"column":59}},"52":{"start":{"line":183,"column":18},"end":{"line":183,"column":34}},"53":{"start":{"line":184,"column":0},"end":{"line":184,"column":29}}},"fnMap":{"0":{"name":"(anonymous_0)","decl":{"start":{"line":51,"column":4},"end":{"line":51,"column":5}},"loc":{"start":{"line":51,"column":18},"end":{"line":51,"column":21}},"line":51},"1":{"name":"(anonymous_1)","decl":{"start":{"line":52,"column":4},"end":{"line":52,"column":5}},"loc":{"start":{"line":52,"column":37},"end":{"line":75,"column":5}},"line":52},"2":{"name":"(anonymous_2)","decl":{"start":{"line":56,"column":26},"end":{"line":56,"column":27}},"loc":{"start":{"line":56,"column":41},"end":{"line":65,"column":13}},"line":56},"3":{"name":"(anonymous_3)","decl":{"start":{"line":78,"column":4},"end":{"line":78,"column":5}},"loc":{"start":{"line":78,"column":35},"end":{"line":104,"column":5}},"line":78},"4":{"name":"(anonymous_4)","decl":{"start":{"line":106,"column":4},"end":{"line":106,"column":5}},"loc":{"start":{"line":106,"column":32},"end":{"line":141,"column":5}},"line":106},"5":{"name":"(anonymous_5)","decl":{"start":{"line":109,"column":68},"end":{"line":109,"column":69}},"loc":{"start":{"line":109,"column":83},"end":{"line":120,"column":13}},"line":109},"6":{"name":"(anonymous_6)","decl":{"start":{"line":123,"column":16},"end":{"line":123,"column":17}},"loc":{"start":{"line":123,"column":30},"end":{"line":135,"column":16}},"line":123},"7":{"name":"(anonymous_7)","decl":{"start":{"line":144,"column":4},"end":{"line":144,"column":5}},"loc":{"start":{"line":144,"column":44},"end":{"line":180,"column":5}},"line":144},"8":{"name":"(anonymous_8)","decl":{"start":{"line":147,"column":53},"end":{"line":147,"column":54}},"loc":{"start":{"line":147,"column":68},"end":{"line":156,"column":13}},"line":147},"9":{"name":"(anonymous_9)","decl":{"start":{"line":159,"column":16},"end":{"line":159,"column":17}},"loc":{"start":{"line":159,"column":30},"end":{"line":171,"column":17}},"line":159}},"branchMap":{"0":{"loc":{"start":{"line":57,"column":16},"end":{"line":64,"column":17}},"type":"if","locations":[{"start":{"line":57,"column":16},"end":{"line":64,"column":17}},{"start":{"line":57,"column":16},"end":{"line":64,"column":17}}],"line":57},"1":{"loc":{"start":{"line":86,"column":12},"end":{"line":95,"column":13}},"type":"if","locations":[{"start":{"line":86,"column":12},"end":{"line":95,"column":13}},{"start":{"line":86,"column":12},"end":{"line":95,"column":13}}],"line":86},"2":{"loc":{"start":{"line":91,"column":17},"end":{"line":95,"column":13}},"type":"if","locations":[{"start":{"line":91,"column":17},"end":{"line":95,"column":13}},{"start":{"line":91,"column":17},"end":{"line":95,"column":13}}],"line":91},"3":{"loc":{"start":{"line":110,"column":16},"end":{"line":119,"column":17}},"type":"if","locations":[{"start":{"line":110,"column":16},"end":{"line":119,"column":17}},{"start":{"line":110,"column":16},"end":{"line":119,"column":17}}],"line":110},"4":{"loc":{"start":{"line":124,"column":20},"end":{"line":134,"column":21}},"type":"if","locations":[{"start":{"line":124,"column":20},"end":{"line":134,"column":21}},{"start":{"line":124,"column":20},"end":{"line":134,"column":21}}],"line":124},"5":{"loc":{"start":{"line":148,"column":16},"end":{"line":155,"column":17}},"type":"if","locations":[{"start":{"line":148,"column":16},"end":{"line":155,"column":17}},{"start":{"line":148,"column":16},"end":{"line":155,"column":17}}],"line":148},"6":{"loc":{"start":{"line":160,"column":20},"end":{"line":170,"column":21}},"type":"if","locations":[{"start":{"line":160,"column":20},"end":{"line":170,"column":21}},{"start":{"line":160,"column":20},"end":{"line":170,"column":21}}],"line":160}},"s":{"0":1,"1":1,"2":1,"3":1,"4":1,"5":1,"6":0,"7":0,"8":0,"9":0,"10":0,"11":0,"12":0,"13":0,"14":0,"15":0,"16":0,"17":0,"18":0,"19":0,"20":0,"21":0,"22":0,"23":0,"24":0,"25":0,"26":0,"27":0,"28":0,"29":0,"30":0,"31":0,"32":0,"33":0,"34":0,"35":0,"36":0,"37":0,"38":0,"39":0,"40":0,"41":0,"42":0,"43":0,"44":0,"45":0,"46":0,"47":0,"48":0,"49":0,"50":0,"51":0,"52":1,"53":1},"f":{"0":1,"1":0,"2":0,"3":0,"4":0,"5":0,"6":0,"7":0,"8":0,"9":0},"b":{"0":[0,0],"1":[0,0],"2":[0,0],"3":[0,0],"4":[0,0],"5":[0,0],"6":[0,0]},"_coverageSchema":"43e27e138ebf9cfc5966b082cf9a028302ed4184","hash":"33142fab82d3ff0000957555b6b3b0b460699581","contentHash":"401e0a97228ccef82b66873731f674242a156b2b0e5159356fc3c20f73fa6b0e"},"/home/user/FundooNote/server/router/authentication.js":{"path":"/home/user/FundooNote/server/router/authentication.js","statementMap":{"0":{"start":{"line":9,"column":14},"end":{"line":9,"column":32}},"1":{"start":{"line":10,"column":13},"end":{"line":10,"column":29}},"2":{"start":{"line":11,"column":11},"end":{"line":11,"column":50}},"3":{"start":{"line":12,"column":11},"end":{"line":12,"column":51}},"4":{"start":{"line":13,"column":0},"end":{"line":13,"column":24}}},"fnMap":{},"branchMap":{},"s":{"0":1,"1":1,"2":1,"3":1,"4":1},"f":{},"b":{},"_coverageSchema":"43e27e138ebf9cfc5966b082cf9a028302ed4184","hash":"97a74262941ee5b074a8b50272e55511ca89d89f","contentHash":"097bccc446154e8c2fd034320b4366345e2469508cec811dd559323d761a51ef"},"/home/user/FundooNote/server/services/internalServices/redisServices.js":{"path":"/home/user/FundooNote/server/services/internalServices/redisServices.js","statementMap":{"0":{"start":{"line":10,"column":12},"end":{"line":10,"column":28}},"1":{"start":{"line":11,"column":13},"end":{"line":11,"column":33}},"2":{"start":{"line":15,"column":4},"end":{"line":17,"column":3}},"3":{"start":{"line":16,"column":4},"end":{"line":16,"column":42}},"4":{"start":{"line":20,"column":16},"end":{"line":20,"column":38}},"5":{"start":{"line":21,"column":0},"end":{"line":21,"column":27}}},"fnMap":{"0":{"name":"(anonymous_0)","decl":{"start":{"line":14,"column":0},"end":{"line":14,"column":1}},"loc":{"start":{"line":14,"column":12},"end":{"line":18,"column":1}},"line":14},"1":{"name":"(anonymous_1)","decl":{"start":{"line":15,"column":25},"end":{"line":15,"column":26}},"loc":{"start":{"line":15,"column":37},"end":{"line":17,"column":1}},"line":15}},"branchMap":{},"s":{"0":1,"1":1,"2":1,"3":1,"4":1,"5":1},"f":{"0":1,"1":1},"b":{},"_coverageSchema":"43e27e138ebf9cfc5966b082cf9a028302ed4184","hash":"62c22ebc2878ed637e1365b5e8d538b7844db13c","contentHash":"8b3df2e7ef49307dbfc338e3de05c0deada31deda53db9647b079acafbf25f73"},"/home/user/FundooNote/server/services/internalServices/mongooseServices.js":{"path":"/home/user/FundooNote/server/services/internalServices/mongooseServices.js","statementMap":{"0":{"start":{"line":10,"column":17},"end":{"line":10,"column":36}},"1":{"start":{"line":12,"column":9},"end":{"line":12,"column":22}},"2":{"start":{"line":14,"column":12},"end":{"line":14,"column":86}},"3":{"start":{"line":15,"column":11},"end":{"line":15,"column":28}},"4":{"start":{"line":18,"column":7},"end":{"line":18,"column":32}},"5":{"start":{"line":21,"column":0},"end":{"line":29,"column":2}},"6":{"start":{"line":25,"column":4},"end":{"line":25,"column":46}},"7":{"start":{"line":27,"column":4},"end":{"line":27,"column":46}},"8":{"start":{"line":28,"column":4},"end":{"line":28,"column":20}},"9":{"start":{"line":32,"column":7},"end":{"line":32,"column":28}},"10":{"start":{"line":33,"column":0},"end":{"line":33,"column":18}}},"fnMap":{"0":{"name":"(anonymous_0)","decl":{"start":{"line":20,"column":0},"end":{"line":20,"column":1}},"loc":{"start":{"line":20,"column":10},"end":{"line":30,"column":1}},"line":20},"1":{"name":"(anonymous_1)","decl":{"start":{"line":24,"column":6},"end":{"line":24,"column":7}},"loc":{"start":{"line":24,"column":12},"end":{"line":26,"column":1}},"line":24},"2":{"name":"(anonymous_2)","decl":{"start":{"line":26,"column":46},"end":{"line":26,"column":47}},"loc":{"start":{"line":26,"column":53},"end":{"line":29,"column":1}},"line":26}},"branchMap":{},"s":{"0":1,"1":1,"2":1,"3":1,"4":1,"5":1,"6":1,"7":0,"8":0,"9":1,"10":1},"f":{"0":1,"1":1,"2":0},"b":{},"_coverageSchema":"43e27e138ebf9cfc5966b082cf9a028302ed4184","hash":"cdd0fa4a02004fa3a286c312f85ed751760003a9","contentHash":"fe5421d537f5df95055d595e690b3eb7eedae6eacdf3aca24be31f29ca53db4a"}}