TN:
SF:/home/user/FundooNote/server/server.js
FN:41,(anonymous_0)
FN:48,(anonymous_1)
FN:50,(anonymous_2)
FN:55,(anonymous_3)
FNF:4
FNH:3
FNDA:1,(anonymous_0)
FNDA:1,(anonymous_1)
FNDA:0,(anonymous_2)
FNDA:1,(anonymous_3)
DA:9,1
DA:12,1
DA:13,1
DA:14,1
DA:15,1
DA:17,1
DA:19,1
DA:20,1
DA:21,1
DA:22,1
DA:23,1
DA:26,1
DA:28,1
DA:33,1
DA:35,1
DA:36,1
DA:39,1
DA:41,1
DA:42,1
DA:46,1
DA:49,1
DA:51,0
DA:52,0
DA:55,1
DA:56,1
DA:80,1
LF:26
LH:24
BRF:0
BRH:0
end_of_record
TN:
SF:/home/user/FundooNote/server/authentication/redisToken.js
FN:4,(anonymous_0)
FN:10,(anonymous_1)
FN:11,(anonymous_2)
FNF:3
FNH:3
FNDA:1,(anonymous_0)
FNDA:1,(anonymous_1)
FNDA:1,(anonymous_2)
DA:2,1
DA:3,1
DA:4,1
DA:7,1
DA:8,1
DA:10,1
DA:11,1
DA:12,1
DA:13,1
DA:14,1
DA:18,0
DA:20,0
DA:21,0
LF:13
LH:10
BRDA:12,0,0,1
BRDA:12,0,1,0
BRF:2
BRH:1
end_of_record
TN:
SF:/home/user/FundooNote/server/authentication/tokenVerify.js
FN:13,(anonymous_0)
FN:22,(anonymous_1)
FNF:2
FNH:2
FNDA:1,(anonymous_0)
FNDA:1,(anonymous_1)
DA:9,1
DA:10,1
DA:11,1
DA:13,1
DA:14,1
DA:15,1
DA:16,1
DA:17,1
DA:19,1
DA:20,1
DA:22,1
DA:23,1
DA:25,1
DA:26,1
DA:28,1
DA:33,0
DA:34,0
DA:35,0
DA:36,0
DA:42,0
DA:53,0
LF:21
LH:15
BRDA:20,0,0,1
BRDA:20,0,1,0
BRDA:23,1,0,1
BRDA:23,1,1,0
BRF:4
BRH:2
end_of_record
TN:
SF:/home/user/FundooNote/server/config/databaseconfig.js
FNF:0
FNH:0
DA:1,1
LF:1
LH:1
BRF:0
BRH:0
end_of_record
TN:
SF:/home/user/FundooNote/server/controller/regController.js
FN:17,(anonymous_0)
FN:20,(anonymous_1)
FN:57,(anonymous_2)
FN:68,(anonymous_3)
FN:104,(anonymous_4)
FN:138,(anonymous_5)
FN:141,(anonymous_6)
FN:194,(anonymous_7)
FN:198,(anonymous_8)
FN:225,(anonymous_9)
FN:229,(anonymous_10)
FN:257,(anonymous_11)
FN:261,(anonymous_12)
FN:292,(anonymous_13)
FN:296,(anonymous_14)
FN:329,(anonymous_15)
FNF:16
FNH:10
FNDA:1,(anonymous_0)
FNDA:1,(anonymous_1)
FNDA:1,(anonymous_2)
FNDA:1,(anonymous_3)
FNDA:0,(anonymous_4)
FNDA:1,(anonymous_5)
FNDA:1,(anonymous_6)
FNDA:0,(anonymous_7)
FNDA:0,(anonymous_8)
FNDA:0,(anonymous_9)
FNDA:0,(anonymous_10)
FNDA:1,(anonymous_11)
FNDA:1,(anonymous_12)
FNDA:1,(anonymous_13)
FNDA:1,(anonymous_14)
FNDA:0,(anonymous_15)
DA:10,1
DA:11,1
DA:12,1
DA:13,1
DA:14,1
DA:15,1
DA:17,1
DA:18,1
DA:19,1
DA:20,1
DA:21,1
DA:23,1
DA:24,0
DA:25,0
DA:27,0
DA:32,1
DA:48,0
DA:49,0
DA:57,1
DA:58,1
DA:60,1
DA:62,1
DA:64,1
DA:66,1
DA:68,1
DA:70,1
DA:72,0
DA:74,0
DA:76,0
DA:80,1
DA:82,1
DA:84,1
DA:85,1
DA:86,1
DA:88,0
DA:91,0
DA:92,0
DA:97,0
DA:98,0
DA:100,0
DA:101,0
DA:104,0
DA:105,0
DA:107,0
DA:111,0
DA:119,0
DA:120,0
DA:122,0
DA:131,0
DA:132,0
DA:138,1
DA:140,1
DA:141,1
DA:144,1
DA:145,1
DA:146,1
DA:148,1
DA:150,1
DA:152,1
DA:157,0
DA:159,0
DA:160,0
DA:161,0
DA:165,0
DA:166,0
DA:169,0
DA:170,0
DA:172,0
DA:173,0
DA:176,0
DA:179,0
DA:188,0
DA:189,0
DA:194,1
DA:195,0
DA:196,0
DA:197,0
DA:198,0
DA:199,0
DA:201,0
DA:202,0
DA:204,0
DA:206,0
DA:210,0
DA:211,0
DA:213,0
DA:215,0
DA:222,0
DA:225,1
DA:226,0
DA:228,0
DA:229,0
DA:230,0
DA:232,0
DA:239,0
DA:251,0
DA:252,0
DA:257,1
DA:258,1
DA:259,1
DA:260,1
DA:261,1
DA:262,1
DA:264,0
DA:265,0
DA:266,0
DA:269,0
DA:273,1
DA:275,1
DA:278,1
DA:285,0
DA:287,0
DA:292,1
DA:293,1
DA:294,1
DA:295,1
DA:296,1
DA:297,1
DA:299,0
DA:300,0
DA:302,0
DA:305,0
DA:310,1
DA:312,1
DA:315,1
DA:322,0
DA:324,0
DA:329,1
DA:330,0
DA:331,0
DA:333,0
DA:335,0
DA:338,0
DA:341,0
DA:347,0
LF:135
LH:56
BRDA:23,0,0,0
BRDA:23,0,1,1
BRDA:70,1,0,0
BRDA:70,1,1,1
BRDA:105,2,0,0
BRDA:105,2,1,0
BRDA:146,3,0,1
BRDA:146,3,1,0
BRDA:199,4,0,0
BRDA:199,4,1,0
BRDA:230,5,0,0
BRDA:230,5,1,0
BRDA:262,6,0,0
BRDA:262,6,1,1
BRDA:297,7,0,0
BRDA:297,7,1,1
BRF:16
BRH:5
end_of_record
TN:
SF:/home/user/FundooNote/server/middleWare/sendM.js
FN:10,(anonymous_0)
FN:32,(anonymous_1)
FNF:2
FNH:0
FNDA:0,(anonymous_0)
FNDA:0,(anonymous_1)
DA:10,1
DA:11,0
DA:12,0
DA:13,0
DA:15,0
DA:25,0
DA:31,0
DA:32,0
DA:33,0
DA:34,0
DA:36,0
LF:11
LH:1
BRDA:33,0,0,0
BRDA:33,0,1,0
BRF:2
BRH:0
end_of_record
TN:
SF:/home/user/FundooNote/server/middleWare/token.js
FN:11,(anonymous_0)
FNF:1
FNH:0
FNDA:0,(anonymous_0)
DA:9,1
DA:10,1
DA:12,0
DA:13,0
DA:18,0
LF:5
LH:2
BRF:0
BRH:0
end_of_record
TN:
SF:/home/user/FundooNote/server/middleWare/uploadProfile.js
FN:23,(anonymous_0)
FN:26,(anonymous_1)
FNF:2
FNH:0
FNDA:0,(anonymous_0)
FNDA:0,(anonymous_1)
DA:1,1
DA:2,1
DA:3,1
DA:6,1
DA:7,1
DA:9,1
DA:11,1
DA:16,1
DA:18,1
DA:24,0
DA:27,0
DA:32,1
LF:12
LH:10
BRF:0
BRH:0
end_of_record
TN:
SF:/home/user/FundooNote/server/model/regModel.js
FN:72,hashing
FN:79,(anonymous_1)
FN:86,(anonymous_2)
FN:112,(anonymous_3)
FN:137,(anonymous_4)
FN:143,(anonymous_5)
FN:154,(anonymous_6)
FN:194,(anonymous_7)
FN:199,(anonymous_8)
FN:232,(anonymous_9)
FN:243,(anonymous_10)
FN:262,(anonymous_11)
FN:270,(anonymous_12)
FN:306,(anonymous_13)
FN:314,(anonymous_14)
FN:325,(anonymous_15)
FN:343,(anonymous_16)
FNF:17
FNH:10
FNDA:0,hashing
FNDA:1,(anonymous_1)
FNDA:1,(anonymous_2)
FNDA:0,(anonymous_3)
FNDA:1,(anonymous_4)
FNDA:1,(anonymous_5)
FNDA:0,(anonymous_6)
FNDA:1,(anonymous_7)
FNDA:1,(anonymous_8)
FNDA:0,(anonymous_9)
FNDA:0,(anonymous_10)
FNDA:0,(anonymous_11)
FNDA:0,(anonymous_12)
FNDA:1,(anonymous_13)
FNDA:1,(anonymous_14)
FNDA:1,(anonymous_15)
FNDA:1,(anonymous_16)
DA:10,1
DA:11,1
DA:12,1
DA:15,1
DA:16,1
DA:17,1
DA:24,1
DA:32,1
DA:43,1
DA:44,1
DA:67,1
DA:73,0
DA:74,0
DA:79,1
DA:80,1
DA:86,1
DA:87,1
DA:89,1
DA:90,0
DA:91,0
DA:94,1
DA:96,1
DA:97,1
DA:103,0
DA:104,0
DA:105,0
DA:111,0
DA:112,0
DA:113,0
DA:114,0
DA:116,0
DA:118,0
DA:119,0
DA:131,0
DA:133,0
DA:137,1
DA:138,1
DA:139,1
DA:143,1
DA:144,1
DA:145,0
DA:146,0
DA:148,1
DA:149,0
DA:154,0
DA:155,0
DA:156,0
DA:157,0
DA:159,0
DA:165,0
DA:166,0
DA:176,1
DA:177,1
DA:187,0
DA:189,0
DA:194,1
DA:195,1
DA:199,1
DA:200,1
DA:201,0
DA:208,1
DA:209,0
DA:213,1
DA:223,0
DA:225,0
DA:232,1
DA:233,0
DA:237,0
DA:238,0
DA:239,0
DA:243,0
DA:244,0
DA:245,0
DA:246,0
DA:249,0
DA:250,0
DA:258,0
DA:259,0
DA:262,1
DA:263,0
DA:264,0
DA:268,0
DA:271,0
DA:272,0
DA:273,0
DA:276,0
DA:277,0
DA:285,0
DA:286,0
DA:291,1
DA:292,1
DA:299,1
DA:301,1
DA:303,1
DA:304,1
DA:306,1
DA:309,1
DA:310,1
DA:312,1
DA:315,1
DA:317,0
DA:319,1
DA:325,1
DA:327,1
DA:328,1
DA:329,1
DA:330,1
DA:333,0
DA:339,1
DA:340,1
DA:341,1
DA:342,1
DA:343,1
DA:345,1
DA:346,0
DA:348,1
DA:349,1
DA:350,1
DA:356,1
DA:357,1
DA:362,0
DA:366,0
LF:122
LH:63
BRDA:89,0,0,0
BRDA:89,0,1,1
BRDA:94,1,0,1
BRDA:94,1,1,0
BRDA:113,2,0,0
BRDA:113,2,1,0
BRDA:144,3,0,0
BRDA:144,3,1,1
BRDA:148,4,0,0
BRDA:148,4,1,1
BRDA:156,5,0,0
BRDA:156,5,1,0
BRDA:200,6,0,0
BRDA:200,6,1,1
BRDA:208,7,0,0
BRDA:208,7,1,1
BRDA:208,8,0,1
BRDA:208,8,1,0
BRDA:244,9,0,0
BRDA:244,9,1,0
BRDA:271,10,0,0
BRDA:271,10,1,0
BRDA:315,11,0,0
BRDA:315,11,1,1
BRDA:329,12,0,1
BRDA:329,12,1,0
BRDA:341,13,0,1
BRDA:341,13,1,0
BRDA:345,14,0,0
BRDA:345,14,1,1
BRF:30
BRH:11
end_of_record
TN:
SF:/home/user/FundooNote/server/router/authentication.js
FNF:0
FNH:0
DA:9,1
DA:10,1
DA:11,1
DA:12,1
DA:13,1
LF:5
LH:5
BRF:0
BRH:0
end_of_record
TN:
SF:/home/user/FundooNote/server/router/route.js
FNF:0
FNH:0
DA:10,1
DA:11,1
DA:12,1
DA:13,1
DA:14,1
DA:15,1
DA:16,1
DA:18,1
DA:21,1
DA:24,1
DA:27,1
DA:30,1
DA:33,1
DA:34,1
DA:37,1
DA:40,1
DA:43,1
DA:46,1
DA:47,1
LF:19
LH:19
BRF:0
BRH:0
end_of_record
TN:
SF:/home/user/FundooNote/server/service/regService.js
FN:12,(anonymous_0)
FN:14,(anonymous_1)
FN:37,(anonymous_2)
FN:41,(anonymous_3)
FN:67,(anonymous_4)
FN:69,(anonymous_5)
FN:94,(anonymous_6)
FN:97,(anonymous_7)
FN:119,(anonymous_8)
FN:124,(anonymous_9)
FN:146,(anonymous_10)
FN:149,(anonymous_11)
FN:173,(anonymous_12)
FN:176,(anonymous_13)
FNF:14
FNH:10
FNDA:1,(anonymous_0)
FNDA:1,(anonymous_1)
FNDA:1,(anonymous_2)
FNDA:1,(anonymous_3)
FNDA:1,(anonymous_4)
FNDA:1,(anonymous_5)
FNDA:0,(anonymous_6)
FNDA:0,(anonymous_7)
FNDA:0,(anonymous_8)
FNDA:0,(anonymous_9)
FNDA:1,(anonymous_10)
FNDA:1,(anonymous_11)
FNDA:1,(anonymous_12)
FNDA:1,(anonymous_13)
DA:10,1
DA:12,1
DA:13,1
DA:14,1
DA:15,1
DA:17,0
DA:18,0
DA:22,1
DA:30,0
DA:32,0
DA:37,1
DA:38,1
DA:39,1
DA:41,1
DA:42,1
DA:44,0
DA:45,0
DA:49,1
DA:51,1
DA:60,0
DA:61,0
DA:67,1
DA:68,1
DA:69,1
DA:70,1
DA:73,1
DA:74,1
DA:79,0
DA:87,0
DA:88,0
DA:94,1
DA:95,0
DA:96,0
DA:97,0
DA:98,0
DA:100,0
DA:101,0
DA:104,0
DA:105,0
DA:112,0
DA:114,0
DA:119,1
DA:120,0
DA:121,0
DA:124,0
DA:125,0
DA:126,0
DA:127,0
DA:130,0
DA:139,0
DA:140,0
DA:146,1
DA:147,1
DA:149,1
DA:150,1
DA:152,0
DA:153,0
DA:156,1
DA:157,1
DA:164,0
DA:166,0
DA:173,1
DA:174,1
DA:175,1
DA:176,1
DA:177,1
DA:179,0
DA:180,0
DA:184,1
DA:191,0
DA:193,0
LF:71
LH:33
BRDA:15,0,0,0
BRDA:15,0,1,1
BRDA:42,1,0,0
BRDA:42,1,1,1
BRDA:70,2,0,1
BRDA:70,2,1,0
BRDA:98,3,0,0
BRDA:98,3,1,0
BRDA:125,4,0,0
BRDA:125,4,1,0
BRDA:150,5,0,0
BRDA:150,5,1,1
BRDA:177,6,0,0
BRDA:177,6,1,1
BRF:14
BRH:5
end_of_record
