TN:
SF:/home/user/FundooNote/server/server.js
FN:45,(anonymous_0)
FNF:1
FNH:1
FNDA:1,(anonymous_0)
DA:9,1
DA:12,1
DA:14,1
DA:15,1
DA:18,1
DA:21,1
DA:22,1
DA:23,1
DA:24,1
DA:25,1
DA:27,1
DA:28,1
DA:31,1
DA:32,1
DA:37,1
DA:40,1
DA:41,1
DA:42,1
DA:45,1
DA:46,1
DA:48,1
LF:21
LH:21
BRF:0
BRH:0
end_of_record
TN:
SF:/home/user/FundooNote/server/authentication/redisToken.js
FN:12,(anonymous_0)
FN:19,(anonymous_1)
FN:24,(anonymous_2)
FNF:3
FNH:3
FNDA:22,(anonymous_0)
FNDA:22,(anonymous_1)
FNDA:22,(anonymous_2)
DA:9,1
DA:11,1
DA:12,1
DA:15,22
DA:16,22
DA:17,22
DA:19,22
DA:20,22
DA:21,0
DA:24,22
DA:25,22
DA:26,22
DA:28,18
DA:29,18
DA:34,4
DA:35,4
DA:40,0
LF:17
LH:15
BRDA:20,0,0,0
BRDA:20,0,1,22
BRDA:26,1,0,18
BRDA:26,1,1,4
BRF:4
BRH:3
end_of_record
TN:
SF:/home/user/FundooNote/server/authentication/tokenVerify.js
FN:13,(anonymous_0)
FN:22,(anonymous_1)
FNF:2
FNH:2
FNDA:2,(anonymous_0)
FNDA:2,(anonymous_1)
DA:9,1
DA:11,1
DA:13,1
DA:14,2
DA:15,2
DA:16,2
DA:17,2
DA:19,2
DA:20,2
DA:22,2
DA:23,2
DA:25,2
DA:26,2
DA:28,2
DA:33,0
DA:34,0
DA:35,0
DA:36,0
DA:42,0
DA:53,0
LF:20
LH:14
BRDA:20,0,0,2
BRDA:20,0,1,0
BRDA:23,1,0,2
BRDA:23,1,1,0
BRF:4
BRH:2
end_of_record
TN:
SF:/home/user/FundooNote/server/controller/labelController.js
FN:17,(anonymous_0)
FN:30,(anonymous_1)
FN:71,(anonymous_2)
FN:79,(anonymous_3)
FN:115,(anonymous_4)
FN:128,(anonymous_5)
FN:165,(anonymous_6)
FN:171,(anonymous_7)
FN:207,(anonymous_8)
FN:217,(anonymous_9)
FN:251,(anonymous_10)
FN:261,(anonymous_11)
FNF:12
FNH:0
FNDA:0,(anonymous_0)
FNDA:0,(anonymous_1)
FNDA:0,(anonymous_2)
FNDA:0,(anonymous_3)
FNDA:0,(anonymous_4)
FNDA:0,(anonymous_5)
FNDA:0,(anonymous_6)
FNDA:0,(anonymous_7)
FNDA:0,(anonymous_8)
FNDA:0,(anonymous_9)
FNDA:0,(anonymous_10)
FNDA:0,(anonymous_11)
DA:10,1
DA:11,1
DA:17,1
DA:18,0
DA:21,0
DA:29,0
DA:30,0
DA:31,0
DA:33,0
DA:34,0
DA:37,0
DA:38,0
DA:39,0
DA:42,0
DA:43,0
DA:48,0
DA:49,0
DA:52,0
DA:55,0
DA:62,0
DA:64,0
DA:71,1
DA:72,0
DA:73,0
DA:74,0
DA:79,0
DA:82,0
DA:85,0
DA:86,0
DA:87,0
DA:88,0
DA:89,0
DA:90,0
DA:96,0
DA:97,0
DA:98,0
DA:99,0
DA:108,0
DA:115,1
DA:116,0
DA:117,0
DA:119,0
DA:120,0
DA:128,0
DA:129,0
DA:130,0
DA:133,0
DA:134,0
DA:135,0
DA:136,0
DA:137,0
DA:140,0
DA:143,0
DA:144,0
DA:145,0
DA:146,0
DA:156,0
DA:157,0
DA:165,1
DA:166,0
DA:167,0
DA:168,0
DA:171,0
DA:172,0
DA:175,0
DA:176,0
DA:177,0
DA:178,0
DA:179,0
DA:184,0
DA:185,0
DA:186,0
DA:187,0
DA:197,0
DA:198,0
DA:207,1
DA:208,0
DA:209,0
DA:210,0
DA:217,0
DA:218,0
DA:221,0
DA:222,0
DA:223,0
DA:224,0
DA:225,0
DA:231,0
DA:232,0
DA:233,0
DA:234,0
DA:242,0
DA:243,0
DA:251,1
DA:252,0
DA:253,0
DA:254,0
DA:261,0
DA:262,0
DA:265,0
DA:266,0
DA:267,0
DA:268,0
DA:269,0
DA:274,0
DA:275,0
DA:276,0
DA:277,0
DA:285,0
DA:286,0
LF:109
LH:8
BRDA:34,0,0,0
BRDA:34,0,1,0
BRDA:82,1,0,0
BRDA:82,1,1,0
BRDA:129,2,0,0
BRDA:129,2,1,0
BRDA:172,3,0,0
BRDA:172,3,1,0
BRDA:218,4,0,0
BRDA:218,4,1,0
BRDA:262,5,0,0
BRDA:262,5,1,0
BRF:12
BRH:0
end_of_record
TN:
SF:/home/user/FundooNote/server/controller/noteController.js
FN:17,(anonymous_0)
FN:52,(anonymous_1)
FN:96,(anonymous_2)
FN:107,(anonymous_3)
FN:137,(anonymous_4)
FN:152,(anonymous_5)
FN:181,(anonymous_6)
FN:189,(anonymous_7)
FN:220,(anonymous_8)
FN:247,(anonymous_9)
FN:283,(anonymous_10)
FN:296,(anonymous_11)
FN:327,(anonymous_12)
FN:340,(anonymous_13)
FNF:14
FNH:4
FNDA:3,(anonymous_0)
FNDA:3,(anonymous_1)
FNDA:1,(anonymous_2)
FNDA:1,(anonymous_3)
FNDA:0,(anonymous_4)
FNDA:0,(anonymous_5)
FNDA:0,(anonymous_6)
FNDA:0,(anonymous_7)
FNDA:0,(anonymous_8)
FNDA:0,(anonymous_9)
FNDA:0,(anonymous_10)
FNDA:0,(anonymous_11)
FNDA:0,(anonymous_12)
FNDA:0,(anonymous_13)
DA:10,1
DA:11,1
DA:17,1
DA:20,3
DA:35,3
DA:51,3
DA:52,3
DA:55,3
DA:61,3
DA:63,3
DA:64,3
DA:65,3
DA:67,3
DA:68,3
DA:74,0
DA:75,0
DA:77,0
DA:79,0
DA:86,0
DA:88,0
DA:96,1
DA:97,1
DA:99,1
DA:102,1
DA:106,1
DA:107,1
DA:108,1
DA:110,1
DA:111,1
DA:112,1
DA:113,1
DA:117,0
DA:118,0
DA:119,0
DA:120,0
DA:121,0
DA:128,0
DA:129,0
DA:137,1
DA:138,0
DA:140,0
DA:143,0
DA:146,0
DA:150,0
DA:152,0
DA:153,0
DA:155,0
DA:156,0
DA:157,0
DA:158,0
DA:162,0
DA:163,0
DA:164,0
DA:165,0
DA:166,0
DA:173,0
DA:181,1
DA:182,0
DA:183,0
DA:187,0
DA:189,0
DA:190,0
DA:193,0
DA:194,0
DA:195,0
DA:196,0
DA:201,0
DA:202,0
DA:203,0
DA:204,0
DA:205,0
DA:213,0
DA:220,1
DA:221,0
DA:225,0
DA:228,0
DA:231,0
DA:234,0
DA:236,0
DA:237,0
DA:247,0
DA:250,0
DA:253,0
DA:254,0
DA:255,0
DA:256,0
DA:257,0
DA:263,0
DA:264,0
DA:265,0
DA:266,0
DA:267,0
DA:275,0
DA:283,1
DA:284,0
DA:285,0
DA:286,0
DA:296,0
DA:297,0
DA:299,0
DA:300,0
DA:301,0
DA:302,0
DA:307,0
DA:308,0
DA:309,0
DA:310,0
DA:311,0
DA:318,0
DA:319,0
DA:327,1
DA:328,0
DA:329,0
DA:330,0
DA:340,0
DA:341,0
DA:343,0
DA:344,0
DA:345,0
DA:346,0
DA:350,0
DA:351,0
DA:352,0
DA:353,0
DA:354,0
DA:361,0
DA:363,0
LF:127
LH:30
BRDA:61,0,0,3
BRDA:61,0,1,0
BRDA:108,1,0,1
BRDA:108,1,1,0
BRDA:153,2,0,0
BRDA:153,2,1,0
BRDA:190,3,0,0
BRDA:190,3,1,0
BRDA:250,4,0,0
BRDA:250,4,1,0
BRDA:297,5,0,0
BRDA:297,5,1,0
BRDA:341,6,0,0
BRDA:341,6,1,0
BRF:14
BRH:2
end_of_record
TN:
SF:/home/user/FundooNote/server/controller/shortUrlController.js
FN:11,(anonymous_0)
FN:20,(anonymous_1)
FN:51,(anonymous_2)
FN:56,(anonymous_3)
FNF:4
FNH:4
FNDA:1,(anonymous_0)
FNDA:1,(anonymous_1)
FNDA:1,(anonymous_2)
FNDA:1,(anonymous_3)
DA:10,1
DA:11,1
DA:12,1
DA:14,1
DA:15,1
DA:16,1
DA:20,1
DA:21,1
DA:23,0
DA:24,0
DA:25,0
DA:28,0
DA:32,1
DA:34,1
DA:37,1
DA:44,0
DA:46,0
DA:51,1
DA:52,1
DA:53,1
DA:54,1
DA:56,1
DA:57,1
DA:59,0
DA:60,0
DA:62,0
DA:65,0
DA:70,1
DA:72,1
DA:75,1
DA:82,0
DA:84,0
LF:32
LH:20
BRDA:21,0,0,0
BRDA:21,0,1,1
BRDA:57,1,0,0
BRDA:57,1,1,1
BRF:4
BRH:2
end_of_record
TN:
SF:/home/user/FundooNote/server/controller/userController.js
FN:17,(anonymous_0)
FN:34,(anonymous_1)
FN:71,(anonymous_2)
FN:106,(anonymous_3)
FN:114,(anonymous_4)
FN:150,(anonymous_5)
FN:192,(anonymous_6)
FN:200,(anonymous_7)
FN:255,(anonymous_8)
FN:267,(anonymous_9)
FN:296,(anonymous_10)
FN:304,(anonymous_11)
FN:334,(anonymous_12)
FNF:13
FNH:5
FNDA:1,(anonymous_0)
FNDA:1,(anonymous_1)
FNDA:0,(anonymous_2)
FNDA:1,(anonymous_3)
FNDA:0,(anonymous_4)
FNDA:0,(anonymous_5)
FNDA:1,(anonymous_6)
FNDA:1,(anonymous_7)
FNDA:0,(anonymous_8)
FNDA:0,(anonymous_9)
FNDA:0,(anonymous_10)
FNDA:0,(anonymous_11)
FNDA:0,(anonymous_12)
DA:10,1
DA:11,1
DA:12,1
DA:13,1
DA:14,1
DA:15,1
DA:17,1
DA:18,1
DA:20,1
DA:22,1
DA:28,1
DA:30,1
DA:32,1
DA:34,1
DA:36,1
DA:38,1
DA:40,1
DA:42,1
DA:46,0
DA:48,0
DA:50,0
DA:51,0
DA:52,0
DA:54,0
DA:58,0
DA:59,0
DA:64,0
DA:65,0
DA:67,0
DA:68,0
DA:71,0
DA:72,0
DA:74,0
DA:78,0
DA:86,0
DA:87,0
DA:89,0
DA:99,0
DA:106,1
DA:107,1
DA:109,1
DA:113,1
DA:114,1
DA:117,0
DA:118,0
DA:119,0
DA:123,0
DA:124,0
DA:125,0
DA:126,0
DA:129,0
DA:130,0
DA:131,0
DA:133,0
DA:137,0
DA:138,0
DA:143,0
DA:144,0
DA:146,0
DA:147,0
DA:150,0
DA:151,0
DA:153,0
DA:157,0
DA:161,0
DA:164,0
DA:167,0
DA:183,0
DA:184,0
DA:192,1
DA:194,1
DA:195,1
DA:197,1
DA:200,1
DA:202,1
DA:203,1
DA:204,1
DA:206,0
DA:207,0
DA:209,0
DA:211,0
DA:216,1
DA:217,1
DA:219,1
DA:220,1
DA:221,1
DA:224,1
DA:225,1
DA:228,1
DA:229,1
DA:231,1
DA:232,1
DA:235,1
DA:238,1
DA:249,0
DA:250,0
DA:255,1
DA:256,0
DA:257,0
DA:258,0
DA:262,0
DA:264,0
DA:266,0
DA:267,0
DA:268,0
DA:270,0
DA:271,0
DA:272,0
DA:274,0
DA:276,0
DA:280,0
DA:281,0
DA:282,0
DA:284,0
DA:286,0
DA:293,0
DA:296,1
DA:297,0
DA:298,0
DA:299,0
DA:303,0
DA:304,0
DA:305,0
DA:307,0
DA:311,0
DA:315,0
DA:317,0
DA:328,0
DA:329,0
DA:334,1
DA:335,0
DA:336,0
DA:338,0
DA:340,0
DA:341,0
DA:344,0
DA:347,0
DA:353,0
LF:138
LH:47
BRDA:36,0,0,1
BRDA:36,0,1,0
BRDA:72,1,0,0
BRDA:72,1,1,0
BRDA:117,2,0,0
BRDA:117,2,1,0
BRDA:151,3,0,0
BRDA:151,3,1,0
BRDA:204,4,0,0
BRDA:204,4,1,1
BRDA:268,5,0,0
BRDA:268,5,1,0
BRDA:305,6,0,0
BRDA:305,6,1,0
BRF:14
BRH:2
end_of_record
TN:
SF:/home/user/FundooNote/server/middleWare/sendM.js
FN:10,(anonymous_0)
FN:30,(anonymous_1)
FNF:2
FNH:2
FNDA:1,(anonymous_0)
FNDA:1,(anonymous_1)
DA:10,1
DA:11,1
DA:12,1
DA:13,1
DA:15,1
DA:23,1
DA:29,1
DA:30,1
DA:31,1
DA:32,0
DA:34,1
LF:11
LH:10
BRDA:31,0,0,0
BRDA:31,0,1,1
BRF:2
BRH:1
end_of_record
TN:
SF:/home/user/FundooNote/server/middleWare/token.js
FN:13,(anonymous_0)
FNF:1
FNH:1
FNDA:1,(anonymous_0)
DA:9,1
DA:11,1
DA:12,1
DA:14,1
DA:15,1
DA:20,1
LF:6
LH:6
BRF:0
BRH:0
end_of_record
TN:
SF:/home/user/FundooNote/server/middleWare/uploadProfile.js
FN:30,(anonymous_0)
FN:33,(anonymous_1)
FNF:2
FNH:0
FNDA:0,(anonymous_0)
FNDA:0,(anonymous_1)
DA:10,1
DA:11,1
DA:12,1
DA:15,1
DA:16,1
DA:18,1
DA:23,1
DA:25,1
DA:31,0
DA:34,0
DA:39,1
LF:11
LH:9
BRF:0
BRH:0
end_of_record
TN:
SF:/home/user/FundooNote/server/model/labelModel.js
FN:51,(anonymous_0)
FN:52,(anonymous_1)
FN:56,(anonymous_2)
FN:78,(anonymous_3)
FN:106,(anonymous_4)
FN:109,(anonymous_5)
FN:123,(anonymous_6)
FN:144,(anonymous_7)
FN:147,(anonymous_8)
FN:159,(anonymous_9)
FNF:10
FNH:1
FNDA:1,(anonymous_0)
FNDA:0,(anonymous_1)
FNDA:0,(anonymous_2)
FNDA:0,(anonymous_3)
FNDA:0,(anonymous_4)
FNDA:0,(anonymous_5)
FNDA:0,(anonymous_6)
FNDA:0,(anonymous_7)
FNDA:0,(anonymous_8)
FNDA:0,(anonymous_9)
DA:11,1
DA:12,1
DA:13,1
DA:16,1
DA:24,1
DA:49,1
DA:53,0
DA:55,0
DA:56,0
DA:57,0
DA:58,0
DA:59,0
DA:62,0
DA:63,0
DA:71,0
DA:73,0
DA:79,0
DA:80,0
DA:84,0
DA:86,0
DA:88,0
DA:89,0
DA:91,0
DA:93,0
DA:94,0
DA:101,0
DA:102,0
DA:107,0
DA:108,0
DA:109,0
DA:110,0
DA:112,0
DA:122,0
DA:124,0
DA:126,0
DA:128,0
DA:132,0
DA:133,0
DA:138,0
DA:139,0
DA:145,0
DA:146,0
DA:147,0
DA:148,0
DA:150,0
DA:158,0
DA:160,0
DA:162,0
DA:164,0
DA:169,0
DA:175,0
DA:176,0
DA:183,1
DA:184,1
LF:54
LH:8
BRDA:57,0,0,0
BRDA:57,0,1,0
BRDA:86,1,0,0
BRDA:86,1,1,0
BRDA:91,2,0,0
BRDA:91,2,1,0
BRDA:110,3,0,0
BRDA:110,3,1,0
BRDA:124,4,0,0
BRDA:124,4,1,0
BRDA:148,5,0,0
BRDA:148,5,1,0
BRDA:160,6,0,0
BRDA:160,6,1,0
BRF:14
BRH:0
end_of_record
TN:
SF:/home/user/FundooNote/server/model/noteModel.js
FN:106,(anonymous_0)
FN:107,(anonymous_1)
FN:140,(anonymous_2)
FN:175,(anonymous_3)
FNF:4
FNH:3
FNDA:1,(anonymous_0)
FNDA:3,(anonymous_1)
FNDA:1,(anonymous_2)
FNDA:0,(anonymous_3)
DA:11,1
DA:12,1
DA:13,1
DA:20,1
DA:28,1
DA:36,1
DA:45,1
DA:53,1
DA:104,1
DA:108,3
DA:109,3
DA:111,3
DA:125,3
DA:126,0
DA:134,3
DA:136,3
DA:141,1
DA:142,1
DA:144,1
DA:154,1
DA:157,1
DA:161,0
DA:162,0
DA:168,0
DA:169,0
DA:176,0
DA:177,0
DA:180,0
DA:182,0
DA:184,0
DA:185,0
DA:189,0
DA:190,0
DA:197,0
DA:198,0
DA:260,1
DA:261,1
LF:37
LH:22
BRDA:154,0,0,1
BRDA:154,0,1,0
BRDA:182,1,0,0
BRDA:182,1,1,0
BRF:4
BRH:1
end_of_record
TN:
SF:/home/user/FundooNote/server/model/shortUrlModel.js
FN:27,(anonymous_0)
FN:30,(anonymous_1)
FN:38,(anonymous_2)
FN:50,(anonymous_3)
FN:73,(anonymous_4)
FNF:5
FNH:5
FNDA:1,(anonymous_0)
FNDA:1,(anonymous_1)
FNDA:1,(anonymous_2)
FNDA:1,(anonymous_3)
FNDA:1,(anonymous_4)
DA:10,1
DA:12,1
DA:14,1
DA:16,1
DA:17,1
DA:24,1
DA:33,1
DA:34,1
DA:36,1
DA:39,1
DA:41,0
DA:44,1
DA:52,1
DA:53,1
DA:55,1
DA:57,1
DA:61,0
DA:67,1
DA:68,1
DA:71,1
DA:72,1
DA:73,1
DA:75,1
DA:76,0
DA:78,1
DA:79,1
DA:80,1
DA:87,1
DA:88,1
DA:94,0
DA:98,0
DA:107,1
DA:108,1
LF:33
LH:28
BRDA:39,0,0,0
BRDA:39,0,1,1
BRDA:55,1,0,1
BRDA:55,1,1,0
BRDA:71,2,0,1
BRDA:71,2,1,0
BRDA:75,3,0,0
BRDA:75,3,1,1
BRF:8
BRH:4
end_of_record
TN:
SF:/home/user/FundooNote/server/model/userModel.js
FN:71,hashing
FN:78,(anonymous_1)
FN:81,(anonymous_2)
FN:115,(anonymous_3)
FN:142,(anonymous_4)
FN:160,(anonymous_5)
FN:198,(anonymous_6)
FN:276,(anonymous_7)
FNF:8
FNH:5
FNDA:1,hashing
FNDA:1,(anonymous_1)
FNDA:1,(anonymous_2)
FNDA:0,(anonymous_3)
FNDA:1,(anonymous_4)
FNDA:0,(anonymous_5)
FNDA:1,(anonymous_6)
FNDA:0,(anonymous_7)
DA:10,1
DA:12,1
DA:15,1
DA:16,1
DA:17,1
DA:24,1
DA:32,1
DA:43,1
DA:44,1
DA:66,1
DA:73,1
DA:74,0
DA:82,1
DA:88,1
DA:89,1
DA:91,1
DA:93,0
DA:106,1
DA:107,0
DA:108,0
DA:114,0
DA:115,0
DA:116,0
DA:118,0
DA:121,0
DA:122,0
DA:123,0
DA:135,1
DA:137,1
DA:143,1
DA:148,1
DA:149,1
DA:151,0
DA:160,1
DA:161,0
DA:162,0
DA:163,0
DA:165,0
DA:171,0
DA:172,0
DA:190,1
DA:192,1
DA:199,1
DA:203,1
DA:204,1
DA:206,1
DA:207,0
DA:208,0
DA:210,1
DA:217,1
DA:227,0
DA:235,0
DA:237,0
DA:277,0
DA:278,0
DA:282,0
DA:283,0
DA:284,0
DA:285,0
DA:287,0
DA:289,0
DA:290,0
DA:294,0
DA:303,0
DA:304,0
DA:310,1
DA:311,1
LF:67
LH:32
BRDA:91,0,0,0
BRDA:91,0,1,1
BRDA:116,1,0,0
BRDA:116,1,1,0
BRDA:149,2,0,0
BRDA:149,2,1,1
BRDA:162,3,0,0
BRDA:162,3,1,0
BRDA:206,4,0,0
BRDA:206,4,1,1
BRDA:210,5,0,1
BRDA:210,5,1,0
BRDA:283,6,0,0
BRDA:283,6,1,0
BRDA:287,7,0,0
BRDA:287,7,1,0
BRF:16
BRH:4
end_of_record
TN:
SF:/home/user/FundooNote/server/router/authentication.js
FNF:0
FNH:0
DA:9,1
DA:10,1
DA:11,1
DA:12,1
DA:13,1
LF:5
LH:5
BRF:0
BRH:0
end_of_record
TN:
SF:/home/user/FundooNote/server/router/route.js
FNF:0
FNH:0
DA:10,1
DA:11,1
DA:12,1
DA:13,1
DA:14,1
DA:15,1
DA:16,1
DA:17,1
DA:18,1
DA:19,1
DA:20,1
DA:23,1
DA:26,1
DA:31,1
DA:34,1
DA:37,1
DA:40,1
DA:41,1
DA:46,1
DA:49,1
DA:52,1
DA:55,1
DA:58,1
DA:61,1
DA:64,1
DA:67,1
DA:72,1
DA:75,1
DA:78,1
DA:81,1
DA:84,1
DA:87,1
DA:90,1
DA:93,1
DA:102,1
LF:35
LH:35
BRF:0
BRH:0
end_of_record
TN:
SF:/home/user/FundooNote/server/service/labelService.js
FN:13,(anonymous_0)
FN:14,(anonymous_1)
FN:17,(anonymous_2)
FN:39,(anonymous_3)
FN:43,(anonymous_4)
FN:65,(anonymous_5)
FN:72,(anonymous_6)
FN:97,(anonymous_7)
FN:102,(anonymous_8)
FN:123,(anonymous_9)
FN:126,(anonymous_10)
FN:146,(anonymous_11)
FN:149,(anonymous_12)
FNF:13
FNH:1
FNDA:1,(anonymous_0)
FNDA:0,(anonymous_1)
FNDA:0,(anonymous_2)
FNDA:0,(anonymous_3)
FNDA:0,(anonymous_4)
FNDA:0,(anonymous_5)
FNDA:0,(anonymous_6)
FNDA:0,(anonymous_7)
FNDA:0,(anonymous_8)
FNDA:0,(anonymous_9)
FNDA:0,(anonymous_10)
FNDA:0,(anonymous_11)
FNDA:0,(anonymous_12)
DA:10,1
DA:15,0
DA:17,0
DA:18,0
DA:20,0
DA:21,0
DA:26,0
DA:27,0
DA:33,0
DA:34,0
DA:40,0
DA:43,0
DA:44,0
DA:46,0
DA:47,0
DA:52,0
DA:53,0
DA:59,0
DA:60,0
DA:66,0
DA:67,0
DA:72,0
DA:73,0
DA:75,0
DA:76,0
DA:82,0
DA:83,0
DA:91,0
DA:92,0
DA:98,0
DA:99,0
DA:102,0
DA:103,0
DA:105,0
DA:106,0
DA:110,0
DA:111,0
DA:118,0
DA:119,0
DA:124,0
DA:126,0
DA:127,0
DA:129,0
DA:130,0
DA:134,0
DA:135,0
DA:142,0
DA:143,0
DA:147,0
DA:149,0
DA:150,0
DA:152,0
DA:153,0
DA:157,0
DA:158,0
DA:165,0
DA:166,0
DA:171,1
DA:172,1
LF:59
LH:3
BRDA:18,0,0,0
BRDA:18,0,1,0
BRDA:44,1,0,0
BRDA:44,1,1,0
BRDA:73,2,0,0
BRDA:73,2,1,0
BRDA:103,3,0,0
BRDA:103,3,1,0
BRDA:127,4,0,0
BRDA:127,4,1,0
BRDA:150,5,0,0
BRDA:150,5,1,0
BRF:12
BRH:0
end_of_record
TN:
SF:/home/user/FundooNote/server/service/noteService.js
FN:13,(anonymous_0)
FN:14,(anonymous_1)
FN:17,(anonymous_2)
FN:38,(anonymous_3)
FN:47,(anonymous_4)
FN:67,(anonymous_5)
FN:73,(anonymous_6)
FN:96,(anonymous_7)
FN:102,(anonymous_8)
FN:125,(anonymous_9)
FN:138,(anonymous_10)
FN:160,(anonymous_11)
FN:165,(anonymous_12)
FN:185,(anonymous_13)
FN:190,(anonymous_14)
FNF:15
FNH:5
FNDA:1,(anonymous_0)
FNDA:3,(anonymous_1)
FNDA:3,(anonymous_2)
FNDA:1,(anonymous_3)
FNDA:1,(anonymous_4)
FNDA:0,(anonymous_5)
FNDA:0,(anonymous_6)
FNDA:0,(anonymous_7)
FNDA:0,(anonymous_8)
FNDA:0,(anonymous_9)
FNDA:0,(anonymous_10)
FNDA:0,(anonymous_11)
FNDA:0,(anonymous_12)
FNDA:0,(anonymous_13)
FNDA:0,(anonymous_14)
DA:10,1
DA:15,3
DA:17,3
DA:18,3
DA:20,3
DA:21,3
DA:26,0
DA:27,0
DA:33,0
DA:34,0
DA:39,1
DA:42,1
DA:46,1
DA:47,1
DA:48,1
DA:50,1
DA:51,1
DA:55,0
DA:61,0
DA:62,0
DA:68,0
DA:69,0
DA:73,0
DA:74,0
DA:76,0
DA:78,0
DA:79,0
DA:84,0
DA:85,0
DA:91,0
DA:92,0
DA:97,0
DA:98,0
DA:102,0
DA:103,0
DA:105,0
DA:106,0
DA:111,0
DA:112,0
DA:118,0
DA:119,0
DA:127,0
DA:137,0
DA:138,0
DA:139,0
DA:141,0
DA:142,0
DA:147,0
DA:148,0
DA:154,0
DA:155,0
DA:161,0
DA:162,0
DA:165,0
DA:166,0
DA:168,0
DA:169,0
DA:173,0
DA:174,0
DA:180,0
DA:181,0
DA:186,0
DA:187,0
DA:190,0
DA:191,0
DA:193,0
DA:194,0
DA:198,0
DA:199,0
DA:205,0
DA:206,0
DA:212,1
DA:213,1
LF:73
LH:15
BRDA:18,0,0,3
BRDA:18,0,1,0
BRDA:48,1,0,1
BRDA:48,1,1,0
BRDA:76,2,0,0
BRDA:76,2,1,0
BRDA:103,3,0,0
BRDA:103,3,1,0
BRDA:139,4,0,0
BRDA:139,4,1,0
BRDA:166,5,0,0
BRDA:166,5,1,0
BRDA:191,6,0,0
BRDA:191,6,1,0
BRF:14
BRH:2
end_of_record
TN:
SF:/home/user/FundooNote/server/service/shortUrlService.js
FN:12,(anonymous_0)
FN:15,(anonymous_1)
FN:18,(anonymous_2)
FN:40,(anonymous_3)
FN:43,(anonymous_4)
FNF:5
FNH:5
FNDA:1,(anonymous_0)
FNDA:1,(anonymous_1)
FNDA:1,(anonymous_2)
FNDA:1,(anonymous_3)
FNDA:1,(anonymous_4)
DA:10,1
DA:16,1
DA:17,1
DA:18,1
DA:19,1
DA:21,0
DA:22,0
DA:26,1
DA:33,0
DA:35,0
DA:41,1
DA:43,1
DA:44,1
DA:46,0
DA:47,0
DA:50,1
DA:51,1
DA:58,0
DA:60,0
DA:67,1
DA:68,1
LF:21
LH:13
BRDA:19,0,0,0
BRDA:19,0,1,1
BRDA:44,1,0,0
BRDA:44,1,1,1
BRF:4
BRH:2
end_of_record
TN:
SF:/home/user/FundooNote/server/service/userService.js
FN:12,hashing
FN:19,(anonymous_1)
FN:21,(anonymous_2)
FN:23,(anonymous_3)
FN:45,(anonymous_4)
FN:49,(anonymous_5)
FN:74,(anonymous_6)
FN:76,(anonymous_7)
FN:101,(anonymous_8)
FN:111,(anonymous_9)
FN:133,(anonymous_10)
FN:144,(anonymous_11)
FNF:12
FNH:6
FNDA:0,hashing
FNDA:1,(anonymous_1)
FNDA:1,(anonymous_2)
FNDA:1,(anonymous_3)
FNDA:1,(anonymous_4)
FNDA:0,(anonymous_5)
FNDA:1,(anonymous_6)
FNDA:1,(anonymous_7)
FNDA:0,(anonymous_8)
FNDA:0,(anonymous_9)
FNDA:0,(anonymous_10)
FNDA:0,(anonymous_11)
DA:9,1
DA:14,0
DA:15,0
DA:22,1
DA:23,1
DA:24,1
DA:26,1
DA:27,1
DA:31,0
DA:39,0
DA:40,0
DA:46,1
DA:47,1
DA:49,1
DA:50,0
DA:52,0
DA:53,0
DA:57,0
DA:59,0
DA:67,0
DA:68,0
DA:75,1
DA:76,1
DA:77,1
DA:80,0
DA:81,0
DA:86,1
DA:94,0
DA:95,0
DA:102,0
DA:103,0
DA:104,0
DA:106,0
DA:109,0
DA:111,0
DA:112,0
DA:114,0
DA:116,0
DA:117,0
DA:120,0
DA:121,0
DA:128,0
DA:129,0
DA:134,0
DA:135,0
DA:137,0
DA:143,0
DA:144,0
DA:145,0
DA:147,0
DA:148,0
DA:152,0
DA:161,0
DA:162,0
DA:168,1
DA:169,1
LF:56
LH:15
BRDA:24,0,0,1
BRDA:24,0,1,0
BRDA:50,1,0,0
BRDA:50,1,1,0
BRDA:77,2,0,0
BRDA:77,2,1,1
BRDA:114,3,0,0
BRDA:114,3,1,0
BRDA:145,4,0,0
BRDA:145,4,1,0
BRF:10
BRH:2
end_of_record
TN:
SF:/home/user/FundooNote/server/services/internalServices/loggerServices.js
FN:17,(anonymous_0)
FNF:1
FNH:0
FNDA:0,(anonymous_0)
DA:10,1
DA:11,1
DA:13,1
DA:14,1
DA:18,0
DA:19,0
DA:20,0
DA:29,0
DA:40,1
DA:41,1
LF:10
LH:6
BRF:0
BRH:0
end_of_record
TN:
SF:/home/user/FundooNote/server/services/internalServices/mongooseServices.js
FN:20,(anonymous_0)
FN:24,(anonymous_1)
FN:26,(anonymous_2)
FNF:3
FNH:2
FNDA:1,(anonymous_0)
FNDA:1,(anonymous_1)
FNDA:0,(anonymous_2)
DA:10,1
DA:12,1
DA:14,1
DA:15,1
DA:18,1
DA:21,1
DA:25,1
DA:27,0
DA:28,0
DA:32,1
DA:33,1
LF:11
LH:9
BRF:0
BRH:0
end_of_record
TN:
SF:/home/user/FundooNote/server/services/internalServices/redisServices.js
FN:14,(anonymous_0)
FN:15,(anonymous_1)
FNF:2
FNH:2
FNDA:1,(anonymous_0)
FNDA:1,(anonymous_1)
DA:10,1
DA:11,1
DA:15,1
DA:16,1
DA:20,1
DA:21,1
LF:6
LH:6
BRF:0
BRH:0
end_of_record
